<?xml version="1.0" encoding="UTF-8"?>
<robot generator="Robot 7.3.2 (Python 3.14.2 on win32)" generated="2025-12-10T19:12:22.731492" rpa="false" schemaversion="5">
<suite id="s1" name="Projeto-Robot-Framework-Api" source="C:\Users\migue\OneDrive\Documentos\robot-framework\projeto-robot-framework-api">
<suite id="s1-s1" name="Tests" source="C:\Users\migue\OneDrive\Documentos\robot-framework\projeto-robot-framework-api\tests">
<suite id="s1-s1-s1" name="Api" source="C:\Users\migue\OneDrive\Documentos\robot-framework\projeto-robot-framework-api\tests\api">
<suite id="s1-s1-s1-s1" name="Restful-Booker" source="C:\Users\migue\OneDrive\Documentos\robot-framework\projeto-robot-framework-api\tests\api\restful-booker.robot">
<kw name="Authenticate as Admin" owner="api" type="SETUP">
<kw name="Create Restful Session" owner="api">
<kw name="Create Session" owner="RequestsLibrary">
<msg time="2025-12-10T19:12:22.909287" level="INFO">Creating Session using : alias=restful, url=https://restful-booker.herokuapp.com, headers={},                     cookies={}, auth=None, timeout=None, proxies=None, verify=False,                     debug=0 </msg>
<arg>restful</arg>
<arg>${BASE_URL}</arg>
<doc>Create Session: create a HTTP session to a server</doc>
<status status="PASS" start="2025-12-10T19:12:22.909012" elapsed="0.000610"/>
</kw>
<status status="PASS" start="2025-12-10T19:12:22.908433" elapsed="0.001350"/>
</kw>
<kw name="Create Dictionary" owner="BuiltIn">
<msg time="2025-12-10T19:12:22.910413" level="INFO">${body} = {'username': 'admin', 'password': 'password123'}</msg>
<var>${body}</var>
<arg>username=${ADMIN_USER}</arg>
<arg>password=${ADMIN_PASS}</arg>
<doc>Creates and returns a dictionary based on the given ``items``.</doc>
<status status="PASS" start="2025-12-10T19:12:22.909923" elapsed="0.000698"/>
</kw>
<kw name="POST On Session" owner="RequestsLibrary">
<msg time="2025-12-10T19:12:23.763941" level="INFO">POST Request : url=https://restful-booker.herokuapp.com/auth 
 path_url=/auth 
 headers={'User-Agent': 'python-requests/2.32.5', 'Accept-Encoding': 'gzip, deflate, zstd', 'Accept': '*/*', 'Connection': 'keep-alive', 'Content-Length': '48', 'Content-Type': 'application/json'} 
 body=b'{"username": "admin", "password": "password123"}' 
 </msg>
<msg time="2025-12-10T19:12:23.764386" level="INFO">POST Response : url=https://restful-booker.herokuapp.com/auth 
 status=200, reason=OK 
 headers={'Content-Length': '27', 'Content-Type': 'application/json; charset=utf-8', 'Date': 'Wed, 10 Dec 2025 22:11:46 GMT', 'Etag': 'W/"1b-RaDT9+kNArn39YMjLFQwmaxzX4A"', 'Nel': '{"report_to":"heroku-nel","response_headers":["Via"],"max_age":3600,"success_fraction":0.01,"failure_fraction":0.1}', 'Report-To': '{"group":"heroku-nel","endpoints":[{"url":"https://nel.heroku.com/reports?s=8qjCD974eTwQ1mZgekPyP3O2EjouIr6%2B8vf%2B2yyHqe4%3D\\u0026sid=c46efe9b-d3d2-4a0c-8c76-bfafa16c5add\\u0026ts=1765404706"}],"max_age":3600}', 'Reporting-Endpoints': 'heroku-nel="https://nel.heroku.com/reports?s=8qjCD974eTwQ1mZgekPyP3O2EjouIr6%2B8vf%2B2yyHqe4%3D&amp;sid=c46efe9b-d3d2-4a0c-8c76-bfafa16c5add&amp;ts=1765404706"', 'Server': 'Heroku', 'Via': '1.1 heroku-router', 'X-Powered-By': 'Express'} 
 body={"token":"9592aec5a115210"} 
 </msg>
<msg time="2025-12-10T19:12:23.764637" level="INFO">C:\Users\migue\AppData\Roaming\Python\Python314\site-packages\urllib3\connectionpool.py:1097: InsecureRequestWarning: Unverified HTTPS request is being made to host 'restful-booker.herokuapp.com'. Adding certificate verification is strongly advised. See: https://urllib3.readthedocs.io/en/latest/advanced-usage.html#tls-warnings
  warnings.warn(</msg>
<msg time="2025-12-10T19:12:23.765181" level="INFO">${resp} = &lt;Response [200]&gt;</msg>
<var>${resp}</var>
<arg>restful</arg>
<arg>/auth</arg>
<arg>json=${body}</arg>
<doc>Sends a POST request on a previously created HTTP Session.</doc>
<status status="PASS" start="2025-12-10T19:12:22.910768" elapsed="0.854689"/>
</kw>
<kw name="Set Variable" owner="BuiltIn">
<msg time="2025-12-10T19:12:23.766607" level="INFO">${token} = 9592aec5a115210</msg>
<var>${token}</var>
<arg>${resp.json()}[token]</arg>
<doc>Returns the given values which can then be assigned to a variables.</doc>
<status status="PASS" start="2025-12-10T19:12:23.765762" elapsed="0.000980"/>
</kw>
<kw name="Set Suite Variable" owner="BuiltIn">
<msg time="2025-12-10T19:12:23.767289" level="INFO">${token} = 9592aec5a115210</msg>
<arg>${token}</arg>
<doc>Makes a variable available everywhere within the scope of the current suite.</doc>
<status status="PASS" start="2025-12-10T19:12:23.766931" elapsed="0.000470"/>
</kw>
<status status="PASS" start="2025-12-10T19:12:22.906520" elapsed="0.860991"/>
</kw>
<test id="s1-s1-s1-s1-t1" name="Get Bookings Successfully" line="9">
<kw name="Create Restful Session" owner="api">
<kw name="Create Session" owner="RequestsLibrary">
<msg time="2025-12-10T19:12:23.779867" level="INFO">Creating Session using : alias=restful, url=https://restful-booker.herokuapp.com, headers={},                     cookies={}, auth=None, timeout=None, proxies=None, verify=False,                     debug=0 </msg>
<arg>restful</arg>
<arg>${BASE_URL}</arg>
<doc>Create Session: create a HTTP session to a server</doc>
<status status="PASS" start="2025-12-10T19:12:23.779579" elapsed="0.000619"/>
</kw>
<status status="PASS" start="2025-12-10T19:12:23.779132" elapsed="0.001200"/>
</kw>
<kw name="Get Bookings By Firstname" owner="api">
<kw name="Create Dictionary" owner="BuiltIn">
<msg time="2025-12-10T19:12:23.781384" level="INFO">${params} = {'firstname': 'John'}</msg>
<var>${params}</var>
<arg>firstname=${firstname}</arg>
<doc>Creates and returns a dictionary based on the given ``items``.</doc>
<status status="PASS" start="2025-12-10T19:12:23.781011" elapsed="0.000575"/>
</kw>
<kw name="GET On Session" owner="RequestsLibrary">
<msg time="2025-12-10T19:12:24.432627" level="INFO">GET Request : url=https://restful-booker.herokuapp.com/booking?firstname=John 
 path_url=/booking?firstname=John 
 headers={'User-Agent': 'python-requests/2.32.5', 'Accept-Encoding': 'gzip, deflate, zstd', 'Accept': '*/*', 'Connection': 'keep-alive'} 
 body=None 
 </msg>
<msg time="2025-12-10T19:12:24.433157" level="INFO">GET Response : url=https://restful-booker.herokuapp.com/booking?firstname=John 
 status=200, reason=OK 
 headers={'Content-Length': '3662', 'Content-Type': 'application/json; charset=utf-8', 'Date': 'Wed, 10 Dec 2025 22:11:47 GMT', 'Etag': 'W/"e4e-6aYVtt+2VPp/N3byxPSza2DTi/E"', 'Nel': '{"report_to":"heroku-nel","response_headers":["Via"],"max_age":3600,"success_fraction":0.01,"failure_fraction":0.1}', 'Report-To': '{"group":"heroku-nel","endpoints":[{"url":"https://nel.heroku.com/reports?s=6Sfkp3FTqR2WaySqCNAYVk3tIOAdlI7Y4LQD8EbjH9I%3D\\u0026sid=c46efe9b-d3d2-4a0c-8c76-bfafa16c5add\\u0026ts=1765404707"}],"max_age":3600}', 'Reporting-Endpoints': 'heroku-nel="https://nel.heroku.com/reports?s=6Sfkp3FTqR2WaySqCNAYVk3tIOAdlI7Y4LQD8EbjH9I%3D&amp;sid=c46efe9b-d3d2-4a0c-8c76-bfafa16c5add&amp;ts=1765404707"', 'Server': 'Heroku', 'Via': '1.1 heroku-router', 'X-Powered-By': 'Express'} 
 body=[{"bookingid":428},{"bookingid":365},{"bookingid":600},{"bookingid":294},{"bookingid":652},{"bookingid":450},{"bookingid":164},{"bookingid":582},{"bookingid":219},{"bookingid":147},{"bookingid":135},{"bookingid":267},{"bookingid":519},{"bookingid":637},{"bookingid":330},{"bookingid":323},{"bookingid":482},{"bookingid":324},{"bookingid":287},{"bookingid":103},{"bookingid":312},{"bookingid":628},{"bookingid":153},{"bookingid":158},{"bookingid":623},{"bookingid":29},{"bookingid":176},{"bookingid":20},{"bookingid":96},{"bookingid":381},{"bookingid":618},{"bookingid":19},{"bookingid":493},{"bookingid":376},{"bookingid":348},{"bookingid":614},{"bookingid":28},{"bookingid":569},{"bookingid":239},{"bookingid":71},{"bookingid":356},{"bookingid":649},{"bookingid":530},{"bookingid":419},{"bookingid":558},{"bookingid":179},{"bookingid":517},{"bookingid":11},{"bookingid":206},{"bookingid":446},{"bookingid":268},{"bookingid":25},{"bookingid":605},{"bookingid":329},{"bookingid":570},{"bookingid":371},{"bookingid":436},{"bookingid":644},{"bookingid":581},{"bookingid":170},{"bookingid":505},{"bookingid":468},{"bookingid":317},{"bookingid":449},{"bookingid":542},{"bookingid":548},{"bookingid":575},{"bookingid":546},{"bookingid":159},{"bookingid":404},{"bookingid":248},{"bookingid":256},{"bookingid":366},{"bookingid":113},{"bookingid":358},{"bookingid":115},{"bookingid":263},{"bookingid":484},{"bookingid":533},{"bookingid":525},{"bookingid":281},{"bookingid":664},{"bookingid":375},{"bookingid":633},{"bookingid":318},{"bookingid":125},{"bookingid":466},{"bookingid":335},{"bookingid":110},{"bookingid":658},{"bookingid":299},{"bookingid":86},{"bookingid":576},{"bookingid":202},{"bookingid":77},{"bookingid":34},{"bookingid":260},{"bookingid":214},{"bookingid":423},{"bookingid":385},{"bookingid":534},{"bookingid":15},{"bookingid":140},{"bookingid":40},{"bookingid":197},{"bookingid":399},{"bookingid":234},{"bookingid":35},{"bookingid":626},{"bookingid":442},{"bookingid":591},{"bookingid":187},{"bookingid":374},{"bookingid":433},{"bookingid":122},{"bookingid":200},{"bookingid":488},{"bookingid":240},{"bookingid":282},{"bookingid":339},{"bookingid":411},{"bookingid":171},{"bookingid":74},{"bookingid":670},{"bookingid":191},{"bookingid":599},{"bookingid":512},{"bookingid":213},{"bookingid":95},{"bookingid":180},{"bookingid":499},{"bookingid":347},{"bookingid":503},{"bookingid":460},{"bookingid":152},{"bookingid":45},{"bookingid":655},{"bookingid":245},{"bookingid":440},{"bookingid":422},{"bookingid":476},{"bookingid":266},{"bookingid":99},{"bookingid":392},{"bookingid":514},{"bookingid":668},{"bookingid":458},{"bookingid":275},{"bookingid":165},{"bookingid":83},{"bookingid":50},{"bookingid":430},{"bookingid":455},{"bookingid":60},{"bookingid":361},{"bookingid":296},{"bookingid":564},{"bookingid":227},{"bookingid":545},{"bookingid":398},{"bookingid":661},{"bookingid":254},{"bookingid":12},{"bookingid":250},{"bookingid":105},{"bookingid":539},{"bookingid":87},{"bookingid":276},{"bookingid":617},{"bookingid":524},{"bookingid":56},{"bookingid":119},{"bookingid":349},{"bookingid":496},{"bookingid":490},{"bookingid":410},{"bookingid":338},{"bookingid":52},{"bookingid":290},{"bookingid":596},{"bookingid":124},{"bookingid":549},{"bookingid":405},{"bookingid":129},{"bookingid":146},{"bookingid":306},{"bookingid":590},{"bookingid":78},{"bookingid":233},{"bookingid":291},{"bookingid":59},{"bookingid":209},{"bookingid":92},{"bookingid":608},{"bookingid":607},{"bookingid":42},{"bookingid":627},{"bookingid":185},{"bookingid":192},{"bookingid":587},{"bookingid":412},{"bookingid":459},{"bookingid":210},{"bookingid":508},{"bookingid":344}] 
 </msg>
<msg time="2025-12-10T19:12:24.433515" level="INFO">C:\Users\migue\AppData\Roaming\Python\Python314\site-packages\urllib3\connectionpool.py:1097: InsecureRequestWarning: Unverified HTTPS request is being made to host 'restful-booker.herokuapp.com'. Adding certificate verification is strongly advised. See: https://urllib3.readthedocs.io/en/latest/advanced-usage.html#tls-warnings
  warnings.warn(</msg>
<msg time="2025-12-10T19:12:24.434090" level="INFO">${resp} = &lt;Response [200]&gt;</msg>
<var>${resp}</var>
<arg>restful</arg>
<arg>/booking</arg>
<arg>params=${params}</arg>
<doc>Sends a GET request on a previously created HTTP Session.</doc>
<status status="PASS" start="2025-12-10T19:12:23.781762" elapsed="0.652649"/>
</kw>
<return>
<value>${resp}</value>
<status status="PASS" start="2025-12-10T19:12:24.434601" elapsed="0.000202"/>
</return>
<msg time="2025-12-10T19:12:24.434984" level="INFO">${resp} = &lt;Response [200]&gt;</msg>
<var>${resp}</var>
<arg>John</arg>
<status status="PASS" start="2025-12-10T19:12:23.780672" elapsed="0.654502"/>
</kw>
<kw name="Status Should Be" owner="RequestsLibrary">
<arg>200</arg>
<arg>${resp}</arg>
<doc>Fails if response status code is different than the expected.</doc>
<status status="PASS" start="2025-12-10T19:12:24.435460" elapsed="0.000395"/>
</kw>
<kw name="Log List" owner="Collections">
<msg time="2025-12-10T19:12:24.436720" level="INFO">List length is 205 and it contains following items:
0: {'bookingid': 428}
1: {'bookingid': 365}
2: {'bookingid': 600}
3: {'bookingid': 294}
4: {'bookingid': 652}
5: {'bookingid': 450}
6: {'bookingid': 164}
7: {'bookingid': 582}
8: {'bookingid': 219}
9: {'bookingid': 147}
10: {'bookingid': 135}
11: {'bookingid': 267}
12: {'bookingid': 519}
13: {'bookingid': 637}
14: {'bookingid': 330}
15: {'bookingid': 323}
16: {'bookingid': 482}
17: {'bookingid': 324}
18: {'bookingid': 287}
19: {'bookingid': 103}
20: {'bookingid': 312}
21: {'bookingid': 628}
22: {'bookingid': 153}
23: {'bookingid': 158}
24: {'bookingid': 623}
25: {'bookingid': 29}
26: {'bookingid': 176}
27: {'bookingid': 20}
28: {'bookingid': 96}
29: {'bookingid': 381}
30: {'bookingid': 618}
31: {'bookingid': 19}
32: {'bookingid': 493}
33: {'bookingid': 376}
34: {'bookingid': 348}
35: {'bookingid': 614}
36: {'bookingid': 28}
37: {'bookingid': 569}
38: {'bookingid': 239}
39: {'bookingid': 71}
40: {'bookingid': 356}
41: {'bookingid': 649}
42: {'bookingid': 530}
43: {'bookingid': 419}
44: {'bookingid': 558}
45: {'bookingid': 179}
46: {'bookingid': 517}
47: {'bookingid': 11}
48: {'bookingid': 206}
49: {'bookingid': 446}
50: {'bookingid': 268}
51: {'bookingid': 25}
52: {'bookingid': 605}
53: {'bookingid': 329}
54: {'bookingid': 570}
55: {'bookingid': 371}
56: {'bookingid': 436}
57: {'bookingid': 644}
58: {'bookingid': 581}
59: {'bookingid': 170}
60: {'bookingid': 505}
61: {'bookingid': 468}
62: {'bookingid': 317}
63: {'bookingid': 449}
64: {'bookingid': 542}
65: {'bookingid': 548}
66: {'bookingid': 575}
67: {'bookingid': 546}
68: {'bookingid': 159}
69: {'bookingid': 404}
70: {'bookingid': 248}
71: {'bookingid': 256}
72: {'bookingid': 366}
73: {'bookingid': 113}
74: {'bookingid': 358}
75: {'bookingid': 115}
76: {'bookingid': 263}
77: {'bookingid': 484}
78: {'bookingid': 533}
79: {'bookingid': 525}
80: {'bookingid': 281}
81: {'bookingid': 664}
82: {'bookingid': 375}
83: {'bookingid': 633}
84: {'bookingid': 318}
85: {'bookingid': 125}
86: {'bookingid': 466}
87: {'bookingid': 335}
88: {'bookingid': 110}
89: {'bookingid': 658}
90: {'bookingid': 299}
91: {'bookingid': 86}
92: {'bookingid': 576}
93: {'bookingid': 202}
94: {'bookingid': 77}
95: {'bookingid': 34}
96: {'bookingid': 260}
97: {'bookingid': 214}
98: {'bookingid': 423}
99: {'bookingid': 385}
100: {'bookingid': 534}
101: {'bookingid': 15}
102: {'bookingid': 140}
103: {'bookingid': 40}
104: {'bookingid': 197}
105: {'bookingid': 399}
106: {'bookingid': 234}
107: {'bookingid': 35}
108: {'bookingid': 626}
109: {'bookingid': 442}
110: {'bookingid': 591}
111: {'bookingid': 187}
112: {'bookingid': 374}
113: {'bookingid': 433}
114: {'bookingid': 122}
115: {'bookingid': 200}
116: {'bookingid': 488}
117: {'bookingid': 240}
118: {'bookingid': 282}
119: {'bookingid': 339}
120: {'bookingid': 411}
121: {'bookingid': 171}
122: {'bookingid': 74}
123: {'bookingid': 670}
124: {'bookingid': 191}
125: {'bookingid': 599}
126: {'bookingid': 512}
127: {'bookingid': 213}
128: {'bookingid': 95}
129: {'bookingid': 180}
130: {'bookingid': 499}
131: {'bookingid': 347}
132: {'bookingid': 503}
133: {'bookingid': 460}
134: {'bookingid': 152}
135: {'bookingid': 45}
136: {'bookingid': 655}
137: {'bookingid': 245}
138: {'bookingid': 440}
139: {'bookingid': 422}
140: {'bookingid': 476}
141: {'bookingid': 266}
142: {'bookingid': 99}
143: {'bookingid': 392}
144: {'bookingid': 514}
145: {'bookingid': 668}
146: {'bookingid': 458}
147: {'bookingid': 275}
148: {'bookingid': 165}
149: {'bookingid': 83}
150: {'bookingid': 50}
151: {'bookingid': 430}
152: {'bookingid': 455}
153: {'bookingid': 60}
154: {'bookingid': 361}
155: {'bookingid': 296}
156: {'bookingid': 564}
157: {'bookingid': 227}
158: {'bookingid': 545}
159: {'bookingid': 398}
160: {'bookingid': 661}
161: {'bookingid': 254}
162: {'bookingid': 12}
163: {'bookingid': 250}
164: {'bookingid': 105}
165: {'bookingid': 539}
166: {'bookingid': 87}
167: {'bookingid': 276}
168: {'bookingid': 617}
169: {'bookingid': 524}
170: {'bookingid': 56}
171: {'bookingid': 119}
172: {'bookingid': 349}
173: {'bookingid': 496}
174: {'bookingid': 490}
175: {'bookingid': 410}
176: {'bookingid': 338}
177: {'bookingid': 52}
178: {'bookingid': 290}
179: {'bookingid': 596}
180: {'bookingid': 124}
181: {'bookingid': 549}
182: {'bookingid': 405}
183: {'bookingid': 129}
184: {'bookingid': 146}
185: {'bookingid': 306}
186: {'bookingid': 590}
187: {'bookingid': 78}
188: {'bookingid': 233}
189: {'bookingid': 291}
190: {'bookingid': 59}
191: {'bookingid': 209}
192: {'bookingid': 92}
193: {'bookingid': 608}
194: {'bookingid': 607}
195: {'bookingid': 42}
196: {'bookingid': 627}
197: {'bookingid': 185}
198: {'bookingid': 192}
199: {'bookingid': 587}
200: {'bookingid': 412}
201: {'bookingid': 459}
202: {'bookingid': 210}
203: {'bookingid': 508}
204: {'bookingid': 344}</msg>
<arg>${resp.json()}</arg>
<doc>Logs the length and contents of the ``list`` using given ``level``.</doc>
<status status="PASS" start="2025-12-10T19:12:24.436065" elapsed="0.000829"/>
</kw>
<status status="PASS" start="2025-12-10T19:12:23.767601" elapsed="0.669578"/>
</test>
<test id="s1-s1-s1-s1-t2" name="Create And Validate Booking" line="16">
<kw name="Create Restful Session" owner="api">
<kw name="Create Session" owner="RequestsLibrary">
<msg time="2025-12-10T19:12:24.481914" level="INFO">Creating Session using : alias=restful, url=https://restful-booker.herokuapp.com, headers={},                     cookies={}, auth=None, timeout=None, proxies=None, verify=False,                     debug=0 </msg>
<arg>restful</arg>
<arg>${BASE_URL}</arg>
<doc>Create Session: create a HTTP session to a server</doc>
<status status="PASS" start="2025-12-10T19:12:24.481285" elapsed="0.001198"/>
</kw>
<status status="PASS" start="2025-12-10T19:12:24.480510" elapsed="0.002112"/>
</kw>
<kw name="Create Booking" owner="api">
<kw name="Create Dictionary" owner="BuiltIn">
<msg time="2025-12-10T19:12:24.484227" level="INFO">${dates} = {'checkin': '2022-12-31', 'checkout': '2023-01-01'}</msg>
<var>${dates}</var>
<arg>checkin=${checkin}</arg>
<arg>checkout=${checkout}</arg>
<doc>Creates and returns a dictionary based on the given ``items``.</doc>
<status status="PASS" start="2025-12-10T19:12:24.483879" elapsed="0.000593"/>
</kw>
<kw name="Create Dictionary" owner="BuiltIn">
<msg time="2025-12-10T19:12:24.485019" level="INFO">${body} = {'firstname': 'Hans', 'lastname': 'Gruber', 'totalprice': '200', 'depositpaid': 'false', 'bookingdates': {'checkin': '2022-12-31', 'checkout': '2023-01-01'}}</msg>
<var>${body}</var>
<arg>firstname=${firstname}</arg>
<arg>lastname=${lastname}</arg>
<arg>totalprice=${price}</arg>
<arg>depositpaid=${deposit}</arg>
<arg>bookingdates=${dates}</arg>
<doc>Creates and returns a dictionary based on the given ``items``.</doc>
<status status="PASS" start="2025-12-10T19:12:24.484630" elapsed="0.000502"/>
</kw>
<kw name="POST On Session" owner="RequestsLibrary">
<msg time="2025-12-10T19:12:25.175814" level="INFO">POST Request : url=https://restful-booker.herokuapp.com/booking 
 path_url=/booking 
 headers={'User-Agent': 'python-requests/2.32.5', 'Accept-Encoding': 'gzip, deflate, zstd', 'Accept': '*/*', 'Connection': 'keep-alive', 'Content-Length': '157', 'Content-Type': 'application/json'} 
 body=b'{"firstname": "Hans", "lastname": "Gruber", "totalprice": "200", "depositpaid": "false", "bookingdates": {"checkin": "2022-12-31", "checkout": "2023-01-01"}}' 
 </msg>
<msg time="2025-12-10T19:12:25.176187" level="INFO">POST Response : url=https://restful-booker.herokuapp.com/booking 
 status=200, reason=OK 
 headers={'Content-Length': '168', 'Content-Type': 'application/json; charset=utf-8', 'Date': 'Wed, 10 Dec 2025 22:11:47 GMT', 'Etag': 'W/"a8-f2Tk6b/dNP5uvtCfCmtitthgUFQ"', 'Nel': '{"report_to":"heroku-nel","response_headers":["Via"],"max_age":3600,"success_fraction":0.01,"failure_fraction":0.1}', 'Report-To': '{"group":"heroku-nel","endpoints":[{"url":"https://nel.heroku.com/reports?s=6Sfkp3FTqR2WaySqCNAYVk3tIOAdlI7Y4LQD8EbjH9I%3D\\u0026sid=c46efe9b-d3d2-4a0c-8c76-bfafa16c5add\\u0026ts=1765404707"}],"max_age":3600}', 'Reporting-Endpoints': 'heroku-nel="https://nel.heroku.com/reports?s=6Sfkp3FTqR2WaySqCNAYVk3tIOAdlI7Y4LQD8EbjH9I%3D&amp;sid=c46efe9b-d3d2-4a0c-8c76-bfafa16c5add&amp;ts=1765404707"', 'Server': 'Heroku', 'Via': '1.1 heroku-router', 'X-Powered-By': 'Express'} 
 body={"bookingid":679,"booking":{"firstname":"Hans","lastname":"Gruber","totalprice":200,"depositpaid":true,"bookingdates":{"checkin":"2022-12-31","checkout":"2023-01-01"}}} 
 </msg>
<msg time="2025-12-10T19:12:25.176364" level="INFO">C:\Users\migue\AppData\Roaming\Python\Python314\site-packages\urllib3\connectionpool.py:1097: InsecureRequestWarning: Unverified HTTPS request is being made to host 'restful-booker.herokuapp.com'. Adding certificate verification is strongly advised. See: https://urllib3.readthedocs.io/en/latest/advanced-usage.html#tls-warnings
  warnings.warn(</msg>
<msg time="2025-12-10T19:12:25.176729" level="INFO">${resp} = &lt;Response [200]&gt;</msg>
<var>${resp}</var>
<arg>restful</arg>
<arg>/booking</arg>
<arg>json=${body}</arg>
<doc>Sends a POST request on a previously created HTTP Session.</doc>
<status status="PASS" start="2025-12-10T19:12:24.485262" elapsed="0.691549"/>
</kw>
<return>
<value>${resp}</value>
<status status="PASS" start="2025-12-10T19:12:25.176962" elapsed="0.000196"/>
</return>
<msg time="2025-12-10T19:12:25.177326" level="INFO">${resp} = &lt;Response [200]&gt;</msg>
<var>${resp}</var>
<arg>Hans</arg>
<arg>Gruber</arg>
<arg>200</arg>
<arg>false</arg>
<arg>2022-12-31</arg>
<arg>2023-01-01</arg>
<status status="PASS" start="2025-12-10T19:12:24.483293" elapsed="0.694146"/>
</kw>
<kw name="Status Should Be" owner="RequestsLibrary">
<arg>200</arg>
<arg>${resp}</arg>
<doc>Fails if response status code is different than the expected.</doc>
<status status="PASS" start="2025-12-10T19:12:25.177722" elapsed="0.000341"/>
</kw>
<kw name="Set Variable" owner="BuiltIn">
<msg time="2025-12-10T19:12:25.178806" level="INFO">${id} = 679</msg>
<var>${id}</var>
<arg>${resp.json()}[bookingid]</arg>
<doc>Returns the given values which can then be assigned to a variables.</doc>
<status status="PASS" start="2025-12-10T19:12:25.178278" elapsed="0.000617"/>
</kw>
<kw name="Set Suite Variable" owner="BuiltIn">
<msg time="2025-12-10T19:12:25.179333" level="INFO">${id} = 679</msg>
<arg>${id}</arg>
<doc>Makes a variable available everywhere within the scope of the current suite.</doc>
<status status="PASS" start="2025-12-10T19:12:25.179104" elapsed="0.000320"/>
</kw>
<kw name="GET On Session" owner="RequestsLibrary">
<msg time="2025-12-10T19:12:25.359688" level="INFO">GET Request : url=https://restful-booker.herokuapp.com/booking/679 
 path_url=/booking/679 
 headers={'User-Agent': 'python-requests/2.32.5', 'Accept-Encoding': 'gzip, deflate, zstd', 'Accept': '*/*', 'Connection': 'keep-alive'} 
 body=None 
 </msg>
<msg time="2025-12-10T19:12:25.359916" level="INFO">GET Response : url=https://restful-booker.herokuapp.com/booking/679 
 status=200, reason=OK 
 headers={'Content-Length': '140', 'Content-Type': 'application/json; charset=utf-8', 'Date': 'Wed, 10 Dec 2025 22:11:48 GMT', 'Etag': 'W/"8c-ZyMX7q5MPk1IIZgzio6YfZY3B+o"', 'Nel': '{"report_to":"heroku-nel","response_headers":["Via"],"max_age":3600,"success_fraction":0.01,"failure_fraction":0.1}', 'Report-To': '{"group":"heroku-nel","endpoints":[{"url":"https://nel.heroku.com/reports?s=UFr0o1oX3%2FQ%2FreRVRK4CA%2F7KfJGwRLDdObU1uRZoaWk%3D\\u0026sid=c46efe9b-d3d2-4a0c-8c76-bfafa16c5add\\u0026ts=1765404708"}],"max_age":3600}', 'Reporting-Endpoints': 'heroku-nel="https://nel.heroku.com/reports?s=UFr0o1oX3%2FQ%2FreRVRK4CA%2F7KfJGwRLDdObU1uRZoaWk%3D&amp;sid=c46efe9b-d3d2-4a0c-8c76-bfafa16c5add&amp;ts=1765404708"', 'Server': 'Heroku', 'Via': '1.1 heroku-router', 'X-Powered-By': 'Express'} 
 body={"firstname":"Hans","lastname":"Gruber","totalprice":200,"depositpaid":true,"bookingdates":{"checkin":"2022-12-31","checkout":"2023-01-01"}} 
 </msg>
<msg time="2025-12-10T19:12:25.360178" level="INFO">C:\Users\migue\AppData\Roaming\Python\Python314\site-packages\urllib3\connectionpool.py:1097: InsecureRequestWarning: Unverified HTTPS request is being made to host 'restful-booker.herokuapp.com'. Adding certificate verification is strongly advised. See: https://urllib3.readthedocs.io/en/latest/advanced-usage.html#tls-warnings
  warnings.warn(</msg>
<msg time="2025-12-10T19:12:25.360756" level="INFO">${get} = &lt;Response [200]&gt;</msg>
<var>${get}</var>
<arg>restful</arg>
<arg>/booking/${id}</arg>
<doc>Sends a GET request on a previously created HTTP Session.</doc>
<status status="PASS" start="2025-12-10T19:12:25.179616" elapsed="0.181297"/>
</kw>
<kw name="Should Be Equal" owner="BuiltIn">
<arg>${get.json()}[firstname]</arg>
<arg>Hans</arg>
<doc>Fails if the given objects are unequal.</doc>
<status status="PASS" start="2025-12-10T19:12:25.361395" elapsed="0.001037"/>
</kw>
<kw name="Should Be Equal" owner="BuiltIn">
<arg>${get.json()}[lastname]</arg>
<arg>Gruber</arg>
<doc>Fails if the given objects are unequal.</doc>
<status status="PASS" start="2025-12-10T19:12:25.362767" elapsed="0.000670"/>
</kw>
<kw name="Should Be Equal As Numbers" owner="BuiltIn">
<msg time="2025-12-10T19:12:25.364050" level="INFO">Argument types are:
&lt;class 'int'&gt;
&lt;class 'str'&gt;</msg>
<arg>${get.json()}[totalprice]</arg>
<arg>200</arg>
<doc>Fails if objects are unequal after converting them to real numbers.</doc>
<status status="PASS" start="2025-12-10T19:12:25.363632" elapsed="0.000570"/>
</kw>
<status status="PASS" start="2025-12-10T19:12:24.455395" elapsed="0.909121"/>
</test>
<test id="s1-s1-s1-s1-t3" name="Delete Created Booking" line="31">
<kw name="Create Restful Session" owner="api">
<kw name="Create Session" owner="RequestsLibrary">
<msg time="2025-12-10T19:12:25.387770" level="INFO">Creating Session using : alias=restful, url=https://restful-booker.herokuapp.com, headers={},                     cookies={}, auth=None, timeout=None, proxies=None, verify=False,                     debug=0 </msg>
<arg>restful</arg>
<arg>${BASE_URL}</arg>
<doc>Create Session: create a HTTP session to a server</doc>
<status status="PASS" start="2025-12-10T19:12:25.387539" elapsed="0.000472"/>
</kw>
<status status="PASS" start="2025-12-10T19:12:25.387090" elapsed="0.001044"/>
</kw>
<kw name="Delete Booking" owner="api">
<kw name="Create Dictionary" owner="BuiltIn">
<msg time="2025-12-10T19:12:25.389231" level="INFO">${headers} = {'Cookie': 'token=9592aec5a115210'}</msg>
<var>${headers}</var>
<arg>Cookie=token=${token}</arg>
<doc>Creates and returns a dictionary based on the given ``items``.</doc>
<status status="PASS" start="2025-12-10T19:12:25.388871" elapsed="0.000929"/>
</kw>
<kw name="DELETE On Session" owner="RequestsLibrary">
<msg time="2025-12-10T19:12:26.075242" level="INFO">DELETE Request : url=https://restful-booker.herokuapp.com/booking/679 
 path_url=/booking/679 
 headers={'User-Agent': 'python-requests/2.32.5', 'Accept-Encoding': 'gzip, deflate, zstd', 'Accept': '*/*', 'Connection': 'keep-alive', 'Cookie': 'token=9592aec5a115210', 'Content-Length': '0'} 
 body=None 
 </msg>
<msg time="2025-12-10T19:12:26.075680" level="INFO">DELETE Response : url=https://restful-booker.herokuapp.com/booking/679 
 status=201, reason=Created 
 headers={'Content-Length': '7', 'Content-Type': 'text/plain; charset=utf-8', 'Date': 'Wed, 10 Dec 2025 22:11:48 GMT', 'Etag': 'W/"7-rM9AyJuqT6iOan/xHh+AW+7K/T8"', 'Nel': '{"report_to":"heroku-nel","response_headers":["Via"],"max_age":3600,"success_fraction":0.01,"failure_fraction":0.1}', 'Report-To': '{"group":"heroku-nel","endpoints":[{"url":"https://nel.heroku.com/reports?s=UFr0o1oX3%2FQ%2FreRVRK4CA%2F7KfJGwRLDdObU1uRZoaWk%3D\\u0026sid=c46efe9b-d3d2-4a0c-8c76-bfafa16c5add\\u0026ts=1765404708"}],"max_age":3600}', 'Reporting-Endpoints': 'heroku-nel="https://nel.heroku.com/reports?s=UFr0o1oX3%2FQ%2FreRVRK4CA%2F7KfJGwRLDdObU1uRZoaWk%3D&amp;sid=c46efe9b-d3d2-4a0c-8c76-bfafa16c5add&amp;ts=1765404708"', 'Server': 'Heroku', 'Via': '1.1 heroku-router', 'X-Powered-By': 'Express'} 
 body=Created 
 </msg>
<msg time="2025-12-10T19:12:26.075882" level="INFO">C:\Users\migue\AppData\Roaming\Python\Python314\site-packages\urllib3\connectionpool.py:1097: InsecureRequestWarning: Unverified HTTPS request is being made to host 'restful-booker.herokuapp.com'. Adding certificate verification is strongly advised. See: https://urllib3.readthedocs.io/en/latest/advanced-usage.html#tls-warnings
  warnings.warn(</msg>
<msg time="2025-12-10T19:12:26.076388" level="INFO">${resp} = &lt;Response [201]&gt;</msg>
<var>${resp}</var>
<arg>restful</arg>
<arg>/booking/${booking_id}</arg>
<arg>headers=${headers}</arg>
<doc>Sends a DELETE request on a previously created HTTP Session.</doc>
<status status="PASS" start="2025-12-10T19:12:25.390036" elapsed="0.686548"/>
</kw>
<return>
<value>${resp}</value>
<status status="PASS" start="2025-12-10T19:12:26.076908" elapsed="0.000462"/>
</return>
<msg time="2025-12-10T19:12:26.077850" level="INFO">${resp} = &lt;Response [201]&gt;</msg>
<var>${resp}</var>
<arg>${id}</arg>
<status status="PASS" start="2025-12-10T19:12:25.388472" elapsed="0.689537"/>
</kw>
<kw name="Status Should Be" owner="RequestsLibrary">
<arg>201</arg>
<arg>${resp}</arg>
<doc>Fails if response status code is different than the expected.</doc>
<status status="PASS" start="2025-12-10T19:12:26.078324" elapsed="0.000424"/>
</kw>
<status status="PASS" start="2025-12-10T19:12:25.376704" elapsed="0.702249"/>
</test>
<status status="PASS" start="2025-12-10T19:12:22.788780" elapsed="3.304315"/>
</suite>
<status status="PASS" start="2025-12-10T19:12:22.779350" elapsed="3.317089"/>
</suite>
<status status="PASS" start="2025-12-10T19:12:22.774027" elapsed="3.333452"/>
</suite>
<status status="PASS" start="2025-12-10T19:12:22.736130" elapsed="3.374407"/>
</suite>
<statistics>
<total>
<stat pass="3" fail="0" skip="0">All Tests</stat>
</total>
<tag>
</tag>
<suite>
<stat name="Projeto-Robot-Framework-Api" id="s1" pass="3" fail="0" skip="0">Projeto-Robot-Framework-Api</stat>
<stat name="Tests" id="s1-s1" pass="3" fail="0" skip="0">Projeto-Robot-Framework-Api.Tests</stat>
<stat name="Api" id="s1-s1-s1" pass="3" fail="0" skip="0">Projeto-Robot-Framework-Api.Tests.Api</stat>
<stat name="Restful-Booker" id="s1-s1-s1-s1" pass="3" fail="0" skip="0">Projeto-Robot-Framework-Api.Tests.Api.Restful-Booker</stat>
</suite>
</statistics>
<errors>
<msg time="2025-12-10T19:12:22.792896" level="WARN">Error in file 'C:\Users\migue\OneDrive\Documentos\robot-framework\projeto-robot-framework-api\tests\api\api.resource' on line 28: The '[Return]' setting is deprecated. Use the 'RETURN' statement instead.</msg>
<msg time="2025-12-10T19:12:22.798975" level="WARN">Error in file 'C:\Users\migue\OneDrive\Documentos\robot-framework\projeto-robot-framework-api\tests\api\api.resource' on line 42: The '[Return]' setting is deprecated. Use the 'RETURN' statement instead.</msg>
<msg time="2025-12-10T19:12:22.806256" level="WARN">Error in file 'C:\Users\migue\OneDrive\Documentos\robot-framework\projeto-robot-framework-api\tests\api\api.resource' on line 49: The '[Return]' setting is deprecated. Use the 'RETURN' statement instead.</msg>
</errors>
</robot>
