<?xml version="1.0" encoding="UTF-8"?>
<robot generator="Robot 7.3.2 (Python 3.14.2 on win32)" generated="2025-12-09T22:57:56.386299" rpa="false" schemaversion="5">
<suite id="s1" name="Projeto-Robot-Framework-Api" source="C:\Users\migue\OneDrive\Documentos\robot-framework\projeto-robot-framework-api">
<suite id="s1-s1" name="Tests" source="C:\Users\migue\OneDrive\Documentos\robot-framework\projeto-robot-framework-api\tests">
<suite id="s1-s1-s1" name="Api" source="C:\Users\migue\OneDrive\Documentos\robot-framework\projeto-robot-framework-api\tests\api">
<suite id="s1-s1-s1-s1" name="Restful-Booker" source="C:\Users\migue\OneDrive\Documentos\robot-framework\projeto-robot-framework-api\tests\api\restful-booker.robot">
<kw name="Authenticate as Admin" type="SETUP">
<kw name="Create Session" owner="RequestsLibrary">
<msg time="2025-12-09T22:57:56.534220" level="INFO">Creating Session using : alias=restful, url=https://restful-booker.herokuapp.com, headers={},                     cookies={}, auth=None, timeout=None, proxies=None, verify=False,                     debug=0 </msg>
<arg>restful</arg>
<arg>${BASE_URL}</arg>
<doc>Create Session: create a HTTP session to a server</doc>
<status status="PASS" start="2025-12-09T22:57:56.533894" elapsed="0.000656"/>
</kw>
<kw name="Create Dictionary" owner="BuiltIn">
<msg time="2025-12-09T22:57:56.535140" level="INFO">${body} = {'username': 'admin', 'password': 'password123'}</msg>
<var>${body}</var>
<arg>username=admin</arg>
<arg>password=password123</arg>
<doc>Creates and returns a dictionary based on the given ``items``.</doc>
<status status="PASS" start="2025-12-09T22:57:56.534750" elapsed="0.000639"/>
</kw>
<kw name="POST On Session" owner="RequestsLibrary">
<msg time="2025-12-09T22:57:57.222449" level="INFO">POST Request : url=https://restful-booker.herokuapp.com/auth 
 path_url=/auth 
 headers={'User-Agent': 'python-requests/2.32.5', 'Accept-Encoding': 'gzip, deflate, zstd', 'Accept': '*/*', 'Connection': 'keep-alive', 'Content-Length': '48', 'Content-Type': 'application/json'} 
 body=b'{"username": "admin", "password": "password123"}' 
 </msg>
<msg time="2025-12-09T22:57:57.223131" level="INFO">POST Response : url=https://restful-booker.herokuapp.com/auth 
 status=200, reason=OK 
 headers={'Content-Length': '27', 'Content-Type': 'application/json; charset=utf-8', 'Date': 'Wed, 10 Dec 2025 01:57:20 GMT', 'Etag': 'W/"1b-cMtqKsbKrmWmb3NwhjytDala6EQ"', 'Nel': '{"report_to":"heroku-nel","response_headers":["Via"],"max_age":3600,"success_fraction":0.01,"failure_fraction":0.1}', 'Report-To': '{"group":"heroku-nel","endpoints":[{"url":"https://nel.heroku.com/reports?s=QR7fdBExT5paGK%2FH4OCfBUdxKKUb84QdrU6v2BqH03I%3D\\u0026sid=c46efe9b-d3d2-4a0c-8c76-bfafa16c5add\\u0026ts=1765331840"}],"max_age":3600}', 'Reporting-Endpoints': 'heroku-nel="https://nel.heroku.com/reports?s=QR7fdBExT5paGK%2FH4OCfBUdxKKUb84QdrU6v2BqH03I%3D&amp;sid=c46efe9b-d3d2-4a0c-8c76-bfafa16c5add&amp;ts=1765331840"', 'Server': 'Heroku', 'Via': '1.1 heroku-router', 'X-Powered-By': 'Express'} 
 body={"token":"d83f4f4bff78ada"} 
 </msg>
<msg time="2025-12-09T22:57:57.223401" level="INFO">C:\Users\migue\AppData\Roaming\Python\Python314\site-packages\urllib3\connectionpool.py:1097: InsecureRequestWarning: Unverified HTTPS request is being made to host 'restful-booker.herokuapp.com'. Adding certificate verification is strongly advised. See: https://urllib3.readthedocs.io/en/latest/advanced-usage.html#tls-warnings
  warnings.warn(</msg>
<msg time="2025-12-09T22:57:57.223880" level="INFO">${response} = &lt;Response [200]&gt;</msg>
<var>${response}</var>
<arg>restful</arg>
<arg>/auth</arg>
<arg>json=${body}</arg>
<doc>Sends a POST request on a previously created HTTP Session.</doc>
<status status="PASS" start="2025-12-09T22:57:56.535534" elapsed="0.688520"/>
</kw>
<kw name="Set Variable" owner="BuiltIn">
<msg time="2025-12-09T22:57:57.225112" level="INFO">${token} = d83f4f4bff78ada</msg>
<var>${token}</var>
<arg>${response.json()}[token]</arg>
<doc>Returns the given values which can then be assigned to a variables.</doc>
<status status="PASS" start="2025-12-09T22:57:57.224294" elapsed="0.000951"/>
</kw>
<kw name="Set Suite Variable" owner="BuiltIn">
<msg time="2025-12-09T22:57:57.225915" level="INFO">${token} = d83f4f4bff78ada</msg>
<arg>${token}</arg>
<doc>Makes a variable available everywhere within the scope of the current suite.</doc>
<status status="PASS" start="2025-12-09T22:57:57.225480" elapsed="0.000547"/>
</kw>
<status status="PASS" start="2025-12-09T22:57:56.533266" elapsed="0.692882"/>
</kw>
<test id="s1-s1-s1-s1-t1" name="Get Bookings from Restful Booker" line="11">
<kw name="Create Session" owner="RequestsLibrary">
<msg time="2025-12-09T22:57:57.230992" level="INFO">Creating Session using : alias=restful, url=https://restful-booker.herokuapp.com, headers={},                     cookies={}, auth=None, timeout=None, proxies=None, verify=False,                     debug=0 </msg>
<arg>restful</arg>
<arg>${BASE_URL}</arg>
<doc>Create Session: create a HTTP session to a server</doc>
<status status="PASS" start="2025-12-09T22:57:57.230618" elapsed="0.000696"/>
</kw>
<kw name="Create Dictionary" owner="BuiltIn">
<msg time="2025-12-09T22:57:57.232070" level="INFO">${params} = {'firstname': 'John'}</msg>
<var>${params}</var>
<arg>firstname=John</arg>
<doc>Creates and returns a dictionary based on the given ``items``.</doc>
<status status="PASS" start="2025-12-09T22:57:57.231705" elapsed="0.000478"/>
</kw>
<kw name="GET On Session" owner="RequestsLibrary">
<msg time="2025-12-09T22:57:57.873461" level="INFO">GET Request : url=https://restful-booker.herokuapp.com/booking?firstname=John 
 path_url=/booking?firstname=John 
 headers={'User-Agent': 'python-requests/2.32.5', 'Accept-Encoding': 'gzip, deflate, zstd', 'Accept': '*/*', 'Connection': 'keep-alive'} 
 body=None 
 </msg>
<msg time="2025-12-09T22:57:57.873710" level="INFO">GET Response : url=https://restful-booker.herokuapp.com/booking?firstname=John 
 status=200, reason=OK 
 headers={'Content-Length': '19525', 'Content-Type': 'application/json; charset=utf-8', 'Date': 'Wed, 10 Dec 2025 01:57:21 GMT', 'Etag': 'W/"4c45-+Bhq7I6w/UWUAWzgSaMm/S0dgiM"', 'Nel': '{"report_to":"heroku-nel","response_headers":["Via"],"max_age":3600,"success_fraction":0.01,"failure_fraction":0.1}', 'Report-To': '{"group":"heroku-nel","endpoints":[{"url":"https://nel.heroku.com/reports?s=1qa4LGWMUjSWGjEcxYXbK%2B3um6g%2BSZvLj62F%2Fle7ABU%3D\\u0026sid=c46efe9b-d3d2-4a0c-8c76-bfafa16c5add\\u0026ts=1765331841"}],"max_age":3600}', 'Reporting-Endpoints': 'heroku-nel="https://nel.heroku.com/reports?s=1qa4LGWMUjSWGjEcxYXbK%2B3um6g%2BSZvLj62F%2Fle7ABU%3D&amp;sid=c46efe9b-d3d2-4a0c-8c76-bfafa16c5add&amp;ts=1765331841"', 'Server': 'Heroku', 'Via': '1.1 heroku-router', 'X-Powered-By': 'Express'} 
 body=[{"bookingid":2046},{"bookingid":996},{"bookingid":1842},{"bookingid":3055},{"bookingid":2994},{"bookingid":1691},{"bookingid":2136},{"bookingid":3125},{"bookingid":3007},{"bookingid":1774},{"bookingid":2601},{"bookingid":1942},{"bookingid":66},{"bookingid":154},{"bookingid":1805},{"bookingid":1288},{"bookingid":2128},{"bookingid":2694},{"bookingid":1867},{"bookingid":625},{"bookingid":73},{"bookingid":2377},{"bookingid":698},{"bookingid":175},{"bookingid":2965},{"bookingid":1387},{"bookingid":1458},{"bookingid":1616},{"bookingid":3101},{"bookingid":1475},{"bookingid":2455},{"bookingid":1603},{"bookingid":2117},{"bookingid":1836},{"bookingid":1768},{"bookingid":1425},{"bookingid":418},{"bookingid":2316},{"bookingid":1350},{"bookingid":3418},{"bookingid":1644},{"bookingid":2704},{"bookingid":2863},{"bookingid":13},{"bookingid":3376},{"bookingid":3281},{"bookingid":2848},{"bookingid":2804},{"bookingid":1676},{"bookingid":599},{"bookingid":1361},{"bookingid":370},{"bookingid":113},{"bookingid":3152},{"bookingid":1754},{"bookingid":2068},{"bookingid":1356},{"bookingid":758},{"bookingid":714},{"bookingid":3327},{"bookingid":1645},{"bookingid":2575},{"bookingid":2630},{"bookingid":2321},{"bookingid":2758},{"bookingid":2502},{"bookingid":2821},{"bookingid":541},{"bookingid":439},{"bookingid":532},{"bookingid":1852},{"bookingid":2830},{"bookingid":457},{"bookingid":2647},{"bookingid":2992},{"bookingid":1443},{"bookingid":1378},{"bookingid":737},{"bookingid":1229},{"bookingid":3203},{"bookingid":1374},{"bookingid":786},{"bookingid":1431},{"bookingid":2529},{"bookingid":1879},{"bookingid":3266},{"bookingid":254},{"bookingid":3123},{"bookingid":2982},{"bookingid":2734},{"bookingid":243},{"bookingid":163},{"bookingid":2366},{"bookingid":1413},{"bookingid":1420},{"bookingid":1477},{"bookingid":1341},{"bookingid":2313},{"bookingid":1056},{"bookingid":552},{"bookingid":1899},{"bookingid":2237},{"bookingid":2356},{"bookingid":116},{"bookingid":206},{"bookingid":1735},{"bookingid":771},{"bookingid":2304},{"bookingid":3138},{"bookingid":2604},{"bookingid":2384},{"bookingid":619},{"bookingid":1625},{"bookingid":1545},{"bookingid":1249},{"bookingid":3225},{"bookingid":803},{"bookingid":2889},{"bookingid":2661},{"bookingid":580},{"bookingid":2258},{"bookingid":1018},{"bookingid":378},{"bookingid":1832},{"bookingid":1757},{"bookingid":506},{"bookingid":2598},{"bookingid":1462},{"bookingid":2090},{"bookingid":1333},{"bookingid":2885},{"bookingid":1467},{"bookingid":1546},{"bookingid":1748},{"bookingid":3319},{"bookingid":1936},{"bookingid":2121},{"bookingid":1974},{"bookingid":2642},{"bookingid":1489},{"bookingid":710},{"bookingid":2246},{"bookingid":2718},{"bookingid":3286},{"bookingid":1683},{"bookingid":3231},{"bookingid":1520},{"bookingid":2463},{"bookingid":1446},{"bookingid":3164},{"bookingid":1509},{"bookingid":1048},{"bookingid":2340},{"bookingid":3272},{"bookingid":3204},{"bookingid":199},{"bookingid":1297},{"bookingid":1338},{"bookingid":2409},{"bookingid":1305},{"bookingid":1795},{"bookingid":3439},{"bookingid":1670},{"bookingid":1200},{"bookingid":2391},{"bookingid":489},{"bookingid":271},{"bookingid":3098},{"bookingid":2133},{"bookingid":801},{"bookingid":1321},{"bookingid":2399},{"bookingid":3212},{"bookingid":2764},{"bookingid":160},{"bookingid":1098},{"bookingid":1099},{"bookingid":2056},{"bookingid":3195},{"bookingid":1870},{"bookingid":884},{"bookingid":534},{"bookingid":2530},{"bookingid":1173},{"bookingid":2370},{"bookingid":963},{"bookingid":2007},{"bookingid":1698},{"bookingid":3342},{"bookingid":2520},{"bookingid":1602},{"bookingid":1620},{"bookingid":2894},{"bookingid":214},{"bookingid":1332},{"bookingid":2096},{"bookingid":694},{"bookingid":20},{"bookingid":2220},{"bookingid":2168},{"bookingid":1040},{"bookingid":738},{"bookingid":1072},{"bookingid":574},{"bookingid":1036},{"bookingid":3198},{"bookingid":1878},{"bookingid":3398},{"bookingid":2210},{"bookingid":630},{"bookingid":3422},{"bookingid":1243},{"bookingid":2782},{"bookingid":2137},{"bookingid":3311},{"bookingid":1887},{"bookingid":2684},{"bookingid":75},{"bookingid":817},{"bookingid":1530},{"bookingid":492},{"bookingid":768},{"bookingid":1210},{"bookingid":1565},{"bookingid":1137},{"bookingid":2854},{"bookingid":3291},{"bookingid":1436},{"bookingid":172},{"bookingid":1794},{"bookingid":1165},{"bookingid":1193},{"bookingid":1866},{"bookingid":398},{"bookingid":1589},{"bookingid":2620},{"bookingid":1107},{"bookingid":1164},{"bookingid":637},{"bookingid":2277},{"bookingid":91},{"bookingid":970},{"bookingid":2576},{"bookingid":250},{"bookingid":1888},{"bookingid":959},{"bookingid":353},{"bookingid":327},{"bookingid":1045},{"bookingid":968},{"bookingid":1051},{"bookingid":310},{"bookingid":866},{"bookingid":3436},{"bookingid":500},{"bookingid":546},{"bookingid":1979},{"bookingid":1515},{"bookingid":3174},{"bookingid":1727},{"bookingid":2392},{"bookingid":858},{"bookingid":196},{"bookingid":1995},{"bookingid":1557},{"bookingid":562},{"bookingid":2127},{"bookingid":2447},{"bookingid":1218},{"bookingid":2433},{"bookingid":3254},{"bookingid":3147},{"bookingid":3257},{"bookingid":1501},{"bookingid":2829},{"bookingid":3192},{"bookingid":3012},{"bookingid":2474},{"bookingid":2477},{"bookingid":1209},{"bookingid":590},{"bookingid":356},{"bookingid":2148},{"bookingid":1932},{"bookingid":525},{"bookingid":2746},{"bookingid":674},{"bookingid":2183},{"bookingid":1826},{"bookingid":1633},{"bookingid":3070},{"bookingid":2959},{"bookingid":749},{"bookingid":1293},{"bookingid":232},{"bookingid":1741},{"bookingid":1181},{"bookingid":3295},{"bookingid":1500},{"bookingid":294},{"bookingid":875},{"bookingid":2896},{"bookingid":3130},{"bookingid":2865},{"bookingid":264},{"bookingid":2838},{"bookingid":2485},{"bookingid":3015},{"bookingid":1191},{"bookingid":2468},{"bookingid":675},{"bookingid":3226},{"bookingid":665},{"bookingid":2120},{"bookingid":1362},{"bookingid":2515},{"bookingid":1559},{"bookingid":928},{"bookingid":944},{"bookingid":1108},{"bookingid":2278},{"bookingid":1893},{"bookingid":1461},{"bookingid":1627},{"bookingid":3359},{"bookingid":2677},{"bookingid":43},{"bookingid":2857},{"bookingid":2465},{"bookingid":2454},{"bookingid":1695},{"bookingid":3387},{"bookingid":3171},{"bookingid":2927},{"bookingid":186},{"bookingid":545},{"bookingid":775},{"bookingid":3019},{"bookingid":1311},{"bookingid":1146},{"bookingid":285},{"bookingid":528},{"bookingid":3377},{"bookingid":1874},{"bookingid":848},{"bookingid":936},{"bookingid":2929},{"bookingid":3393},{"bookingid":463},{"bookingid":1731},{"bookingid":1089},{"bookingid":2061},{"bookingid":226},{"bookingid":689},{"bookingid":1470},{"bookingid":2678},{"bookingid":3258},{"bookingid":3333},{"bookingid":1969},{"bookingid":338},{"bookingid":1903},{"bookingid":3407},{"bookingid":939},{"bookingid":935},{"bookingid":2917},{"bookingid":412},{"bookingid":3288},{"bookingid":701},{"bookingid":295},{"bookingid":995},{"bookingid":429},{"bookingid":2445},{"bookingid":2388},{"bookingid":3232},{"bookingid":2100},{"bookingid":1120},{"bookingid":588},{"bookingid":2025},{"bookingid":1953},{"bookingid":1913},{"bookingid":3404},{"bookingid":1078},{"bookingid":331},{"bookingid":2543},{"bookingid":392},{"bookingid":459},{"bookingid":2919},{"bookingid":881},{"bookingid":2300},{"bookingid":680},{"bookingid":3017},{"bookingid":1272},{"bookingid":3434},{"bookingid":853},{"bookingid":604},{"bookingid":1811},{"bookingid":1837},{"bookingid":1664},{"bookingid":950},{"bookingid":2487},{"bookingid":431},{"bookingid":3026},{"bookingid":448},{"bookingid":1029},{"bookingid":2568},{"bookingid":61},{"bookingid":2999},{"bookingid":1104},{"bookingid":1154},{"bookingid":1267},{"bookingid":1185},{"bookingid":616},{"bookingid":515},{"bookingid":2844},{"bookingid":2508},{"bookingid":2652},{"bookingid":1658},{"bookingid":3158},{"bookingid":954},{"bookingid":1002},{"bookingid":2777},{"bookingid":3299},{"bookingid":2019},{"bookingid":2193},{"bookingid":1266},{"bookingid":2650},{"bookingid":102},{"bookingid":2233},{"bookingid":3313},{"bookingid":620},{"bookingid":2509},{"bookingid":2609},{"bookingid":93},{"bookingid":174},{"bookingid":1444},{"bookingid":210},{"bookingid":2427},{"bookingid":3338},{"bookingid":2075},{"bookingid":2735},{"bookingid":343},{"bookingid":2472},{"bookingid":2791},{"bookingid":537},{"bookingid":1816},{"bookingid":1001},{"bookingid":2203},{"bookingid":2906},{"bookingid":1260},{"bookingid":2641},{"bookingid":445},{"bookingid":2869},{"bookingid":826},{"bookingid":1025},{"bookingid":911},{"bookingid":440},{"bookingid":2296},{"bookingid":1022},{"bookingid":1751},{"bookingid":1813},{"bookingid":3117},{"bookingid":887},{"bookingid":1803},{"bookingid":2798},{"bookingid":1511},{"bookingid":2731},{"bookingid":2177},{"bookingid":612},{"bookingid":842},{"bookingid":3097},{"bookingid":2262},{"bookingid":2293},{"bookingid":1790},{"bookingid":2657},{"bookingid":139},{"bookingid":2334},{"bookingid":2441},{"bookingid":151},{"bookingid":495},{"bookingid":3415},{"bookingid":1684},{"bookingid":926},{"bookingid":103},{"bookingid":1426},{"bookingid":1347},{"bookingid":2069},{"bookingid":1935},{"bookingid":978},{"bookingid":2268},{"bookingid":1314},{"bookingid":49},{"bookingid":2783},{"bookingid":1220},{"bookingid":1083},{"bookingid":2048},{"bookingid":2205},{"bookingid":1643},{"bookingid":752},{"bookingid":2481},{"bookingid":2155},{"bookingid":2013},{"bookingid":2707},{"bookingid":707},{"bookingid":1472},{"bookingid":2222},{"bookingid":2812},{"bookingid":3137},{"bookingid":2736},{"bookingid":2726},{"bookingid":2162},{"bookingid":651},{"bookingid":2624},{"bookingid":2557},{"bookingid":754},{"bookingid":233},{"bookingid":1351},{"bookingid":1248},{"bookingid":2766},{"bookingid":465},{"bookingid":3445},{"bookingid":1517},{"bookingid":3240},{"bookingid":2725},{"bookingid":1138},{"bookingid":1708},{"bookingid":1554},{"bookingid":605},{"bookingid":667},{"bookingid":779},{"bookingid":3268},{"bookingid":3106},{"bookingid":1179},{"bookingid":2417},{"bookingid":2055},{"bookin... (set the log level to DEBUG or TRACE to see the full content) 
 </msg>
<msg time="2025-12-09T22:57:57.874075" level="INFO">C:\Users\migue\AppData\Roaming\Python\Python314\site-packages\urllib3\connectionpool.py:1097: InsecureRequestWarning: Unverified HTTPS request is being made to host 'restful-booker.herokuapp.com'. Adding certificate verification is strongly advised. See: https://urllib3.readthedocs.io/en/latest/advanced-usage.html#tls-warnings
  warnings.warn(</msg>
<msg time="2025-12-09T22:57:57.874576" level="INFO">${response} = &lt;Response [200]&gt;</msg>
<var>${response}</var>
<arg>restful</arg>
<arg>/booking</arg>
<arg>params=${params}</arg>
<doc>Sends a GET request on a previously created HTTP Session.</doc>
<status status="PASS" start="2025-12-09T22:57:57.232437" elapsed="0.642261"/>
</kw>
<kw name="Status Should Be" owner="RequestsLibrary">
<arg>200</arg>
<arg>${response}</arg>
<doc>Fails if response status code is different than the expected.</doc>
<status status="PASS" start="2025-12-09T22:57:57.875061" elapsed="0.000425"/>
</kw>
<kw name="Log List" owner="Collections">
<msg time="2025-12-09T22:57:57.877153" level="INFO">List length is 1045 and it contains following items:
0: {'bookingid': 2046}
1: {'bookingid': 996}
2: {'bookingid': 1842}
3: {'bookingid': 3055}
4: {'bookingid': 2994}
5: {'bookingid': 1691}
6: {'bookingid': 2136}
7: {'bookingid': 3125}
8: {'bookingid': 3007}
9: {'bookingid': 1774}
10: {'bookingid': 2601}
11: {'bookingid': 1942}
12: {'bookingid': 66}
13: {'bookingid': 154}
14: {'bookingid': 1805}
15: {'bookingid': 1288}
16: {'bookingid': 2128}
17: {'bookingid': 2694}
18: {'bookingid': 1867}
19: {'bookingid': 625}
20: {'bookingid': 73}
21: {'bookingid': 2377}
22: {'bookingid': 698}
23: {'bookingid': 175}
24: {'bookingid': 2965}
25: {'bookingid': 1387}
26: {'bookingid': 1458}
27: {'bookingid': 1616}
28: {'bookingid': 3101}
29: {'bookingid': 1475}
30: {'bookingid': 2455}
31: {'bookingid': 1603}
32: {'bookingid': 2117}
33: {'bookingid': 1836}
34: {'bookingid': 1768}
35: {'bookingid': 1425}
36: {'bookingid': 418}
37: {'bookingid': 2316}
38: {'bookingid': 1350}
39: {'bookingid': 3418}
40: {'bookingid': 1644}
41: {'bookingid': 2704}
42: {'bookingid': 2863}
43: {'bookingid': 13}
44: {'bookingid': 3376}
45: {'bookingid': 3281}
46: {'bookingid': 2848}
47: {'bookingid': 2804}
48: {'bookingid': 1676}
49: {'bookingid': 599}
50: {'bookingid': 1361}
51: {'bookingid': 370}
52: {'bookingid': 113}
53: {'bookingid': 3152}
54: {'bookingid': 1754}
55: {'bookingid': 2068}
56: {'bookingid': 1356}
57: {'bookingid': 758}
58: {'bookingid': 714}
59: {'bookingid': 3327}
60: {'bookingid': 1645}
61: {'bookingid': 2575}
62: {'bookingid': 2630}
63: {'bookingid': 2321}
64: {'bookingid': 2758}
65: {'bookingid': 2502}
66: {'bookingid': 2821}
67: {'bookingid': 541}
68: {'bookingid': 439}
69: {'bookingid': 532}
70: {'bookingid': 1852}
71: {'bookingid': 2830}
72: {'bookingid': 457}
73: {'bookingid': 2647}
74: {'bookingid': 2992}
75: {'bookingid': 1443}
76: {'bookingid': 1378}
77: {'bookingid': 737}
78: {'bookingid': 1229}
79: {'bookingid': 3203}
80: {'bookingid': 1374}
81: {'bookingid': 786}
82: {'bookingid': 1431}
83: {'bookingid': 2529}
84: {'bookingid': 1879}
85: {'bookingid': 3266}
86: {'bookingid': 254}
87: {'bookingid': 3123}
88: {'bookingid': 2982}
89: {'bookingid': 2734}
90: {'bookingid': 243}
91: {'bookingid': 163}
92: {'bookingid': 2366}
93: {'bookingid': 1413}
94: {'bookingid': 1420}
95: {'bookingid': 1477}
96: {'bookingid': 1341}
97: {'bookingid': 2313}
98: {'bookingid': 1056}
99: {'bookingid': 552}
100: {'bookingid': 1899}
101: {'bookingid': 2237}
102: {'bookingid': 2356}
103: {'bookingid': 116}
104: {'bookingid': 206}
105: {'bookingid': 1735}
106: {'bookingid': 771}
107: {'bookingid': 2304}
108: {'bookingid': 3138}
109: {'bookingid': 2604}
110: {'bookingid': 2384}
111: {'bookingid': 619}
112: {'bookingid': 1625}
113: {'bookingid': 1545}
114: {'bookingid': 1249}
115: {'bookingid': 3225}
116: {'bookingid': 803}
117: {'bookingid': 2889}
118: {'bookingid': 2661}
119: {'bookingid': 580}
120: {'bookingid': 2258}
121: {'bookingid': 1018}
122: {'bookingid': 378}
123: {'bookingid': 1832}
124: {'bookingid': 1757}
125: {'bookingid': 506}
126: {'bookingid': 2598}
127: {'bookingid': 1462}
128: {'bookingid': 2090}
129: {'bookingid': 1333}
130: {'bookingid': 2885}
131: {'bookingid': 1467}
132: {'bookingid': 1546}
133: {'bookingid': 1748}
134: {'bookingid': 3319}
135: {'bookingid': 1936}
136: {'bookingid': 2121}
137: {'bookingid': 1974}
138: {'bookingid': 2642}
139: {'bookingid': 1489}
140: {'bookingid': 710}
141: {'bookingid': 2246}
142: {'bookingid': 2718}
143: {'bookingid': 3286}
144: {'bookingid': 1683}
145: {'bookingid': 3231}
146: {'bookingid': 1520}
147: {'bookingid': 2463}
148: {'bookingid': 1446}
149: {'bookingid': 3164}
150: {'bookingid': 1509}
151: {'bookingid': 1048}
152: {'bookingid': 2340}
153: {'bookingid': 3272}
154: {'bookingid': 3204}
155: {'bookingid': 199}
156: {'bookingid': 1297}
157: {'bookingid': 1338}
158: {'bookingid': 2409}
159: {'bookingid': 1305}
160: {'bookingid': 1795}
161: {'bookingid': 3439}
162: {'bookingid': 1670}
163: {'bookingid': 1200}
164: {'bookingid': 2391}
165: {'bookingid': 489}
166: {'bookingid': 271}
167: {'bookingid': 3098}
168: {'bookingid': 2133}
169: {'bookingid': 801}
170: {'bookingid': 1321}
171: {'bookingid': 2399}
172: {'bookingid': 3212}
173: {'bookingid': 2764}
174: {'bookingid': 160}
175: {'bookingid': 1098}
176: {'bookingid': 1099}
177: {'bookingid': 2056}
178: {'bookingid': 3195}
179: {'bookingid': 1870}
180: {'bookingid': 884}
181: {'bookingid': 534}
182: {'bookingid': 2530}
183: {'bookingid': 1173}
184: {'bookingid': 2370}
185: {'bookingid': 963}
186: {'bookingid': 2007}
187: {'bookingid': 1698}
188: {'bookingid': 3342}
189: {'bookingid': 2520}
190: {'bookingid': 1602}
191: {'bookingid': 1620}
192: {'bookingid': 2894}
193: {'bookingid': 214}
194: {'bookingid': 1332}
195: {'bookingid': 2096}
196: {'bookingid': 694}
197: {'bookingid': 20}
198: {'bookingid': 2220}
199: {'bookingid': 2168}
200: {'bookingid': 1040}
201: {'bookingid': 738}
202: {'bookingid': 1072}
203: {'bookingid': 574}
204: {'bookingid': 1036}
205: {'bookingid': 3198}
206: {'bookingid': 1878}
207: {'bookingid': 3398}
208: {'bookingid': 2210}
209: {'bookingid': 630}
210: {'bookingid': 3422}
211: {'bookingid': 1243}
212: {'bookingid': 2782}
213: {'bookingid': 2137}
214: {'bookingid': 3311}
215: {'bookingid': 1887}
216: {'bookingid': 2684}
217: {'bookingid': 75}
218: {'bookingid': 817}
219: {'bookingid': 1530}
220: {'bookingid': 492}
221: {'bookingid': 768}
222: {'bookingid': 1210}
223: {'bookingid': 1565}
224: {'bookingid': 1137}
225: {'bookingid': 2854}
226: {'bookingid': 3291}
227: {'bookingid': 1436}
228: {'bookingid': 172}
229: {'bookingid': 1794}
230: {'bookingid': 1165}
231: {'bookingid': 1193}
232: {'bookingid': 1866}
233: {'bookingid': 398}
234: {'bookingid': 1589}
235: {'bookingid': 2620}
236: {'bookingid': 1107}
237: {'bookingid': 1164}
238: {'bookingid': 637}
239: {'bookingid': 2277}
240: {'bookingid': 91}
241: {'bookingid': 970}
242: {'bookingid': 2576}
243: {'bookingid': 250}
244: {'bookingid': 1888}
245: {'bookingid': 959}
246: {'bookingid': 353}
247: {'bookingid': 327}
248: {'bookingid': 1045}
249: {'bookingid': 968}
250: {'bookingid': 1051}
251: {'bookingid': 310}
252: {'bookingid': 866}
253: {'bookingid': 3436}
254: {'bookingid': 500}
255: {'bookingid': 546}
256: {'bookingid': 1979}
257: {'bookingid': 1515}
258: {'bookingid': 3174}
259: {'bookingid': 1727}
260: {'bookingid': 2392}
261: {'bookingid': 858}
262: {'bookingid': 196}
263: {'bookingid': 1995}
264: {'bookingid': 1557}
265: {'bookingid': 562}
266: {'bookingid': 2127}
267: {'bookingid': 2447}
268: {'bookingid': 1218}
269: {'bookingid': 2433}
270: {'bookingid': 3254}
271: {'bookingid': 3147}
272: {'bookingid': 3257}
273: {'bookingid': 1501}
274: {'bookingid': 2829}
275: {'bookingid': 3192}
276: {'bookingid': 3012}
277: {'bookingid': 2474}
278: {'bookingid': 2477}
279: {'bookingid': 1209}
280: {'bookingid': 590}
281: {'bookingid': 356}
282: {'bookingid': 2148}
283: {'bookingid': 1932}
284: {'bookingid': 525}
285: {'bookingid': 2746}
286: {'bookingid': 674}
287: {'bookingid': 2183}
288: {'bookingid': 1826}
289: {'bookingid': 1633}
290: {'bookingid': 3070}
291: {'bookingid': 2959}
292: {'bookingid': 749}
293: {'bookingid': 1293}
294: {'bookingid': 232}
295: {'bookingid': 1741}
296: {'bookingid': 1181}
297: {'bookingid': 3295}
298: {'bookingid': 1500}
299: {'bookingid': 294}
300: {'bookingid': 875}
301: {'bookingid': 2896}
302: {'bookingid': 3130}
303: {'bookingid': 2865}
304: {'bookingid': 264}
305: {'bookingid': 2838}
306: {'bookingid': 2485}
307: {'bookingid': 3015}
308: {'bookingid': 1191}
309: {'bookingid': 2468}
310: {'bookingid': 675}
311: {'bookingid': 3226}
312: {'bookingid': 665}
313: {'bookingid': 2120}
314: {'bookingid': 1362}
315: {'bookingid': 2515}
316: {'bookingid': 1559}
317: {'bookingid': 928}
318: {'bookingid': 944}
319: {'bookingid': 1108}
320: {'bookingid': 2278}
321: {'bookingid': 1893}
322: {'bookingid': 1461}
323: {'bookingid': 1627}
324: {'bookingid': 3359}
325: {'bookingid': 2677}
326: {'bookingid': 43}
327: {'bookingid': 2857}
328: {'bookingid': 2465}
329: {'bookingid': 2454}
330: {'bookingid': 1695}
331: {'bookingid': 3387}
332: {'bookingid': 3171}
333: {'bookingid': 2927}
334: {'bookingid': 186}
335: {'bookingid': 545}
336: {'bookingid': 775}
337: {'bookingid': 3019}
338: {'bookingid': 1311}
339: {'bookingid': 1146}
340: {'bookingid': 285}
341: {'bookingid': 528}
342: {'bookingid': 3377}
343: {'bookingid': 1874}
344: {'bookingid': 848}
345: {'bookingid': 936}
346: {'bookingid': 2929}
347: {'bookingid': 3393}
348: {'bookingid': 463}
349: {'bookingid': 1731}
350: {'bookingid': 1089}
351: {'bookingid': 2061}
352: {'bookingid': 226}
353: {'bookingid': 689}
354: {'bookingid': 1470}
355: {'bookingid': 2678}
356: {'bookingid': 3258}
357: {'bookingid': 3333}
358: {'bookingid': 1969}
359: {'bookingid': 338}
360: {'bookingid': 1903}
361: {'bookingid': 3407}
362: {'bookingid': 939}
363: {'bookingid': 935}
364: {'bookingid': 2917}
365: {'bookingid': 412}
366: {'bookingid': 3288}
367: {'bookingid': 701}
368: {'bookingid': 295}
369: {'bookingid': 995}
370: {'bookingid': 429}
371: {'bookingid': 2445}
372: {'bookingid': 2388}
373: {'bookingid': 3232}
374: {'bookingid': 2100}
375: {'bookingid': 1120}
376: {'bookingid': 588}
377: {'bookingid': 2025}
378: {'bookingid': 1953}
379: {'bookingid': 1913}
380: {'bookingid': 3404}
381: {'bookingid': 1078}
382: {'bookingid': 331}
383: {'bookingid': 2543}
384: {'bookingid': 392}
385: {'bookingid': 459}
386: {'bookingid': 2919}
387: {'bookingid': 881}
388: {'bookingid': 2300}
389: {'bookingid': 680}
390: {'bookingid': 3017}
391: {'bookingid': 1272}
392: {'bookingid': 3434}
393: {'bookingid': 853}
394: {'bookingid': 604}
395: {'bookingid': 1811}
396: {'bookingid': 1837}
397: {'bookingid': 1664}
398: {'bookingid': 950}
399: {'bookingid': 2487}
400: {'bookingid': 431}
401: {'bookingid': 3026}
402: {'bookingid': 448}
403: {'bookingid': 1029}
404: {'bookingid': 2568}
405: {'bookingid': 61}
406: {'bookingid': 2999}
407: {'bookingid': 1104}
408: {'bookingid': 1154}
409: {'bookingid': 1267}
410: {'bookingid': 1185}
411: {'bookingid': 616}
412: {'bookingid': 515}
413: {'bookingid': 2844}
414: {'bookingid': 2508}
415: {'bookingid': 2652}
416: {'bookingid': 1658}
417: {'bookingid': 3158}
418: {'bookingid': 954}
419: {'bookingid': 1002}
420: {'bookingid': 2777}
421: {'bookingid': 3299}
422: {'bookingid': 2019}
423: {'bookingid': 2193}
424: {'bookingid': 1266}
425: {'bookingid': 2650}
426: {'bookingid': 102}
427: {'bookingid': 2233}
428: {'bookingid': 3313}
429: {'bookingid': 620}
430: {'bookingid': 2509}
431: {'bookingid': 2609}
432: {'bookingid': 93}
433: {'bookingid': 174}
434: {'bookingid': 1444}
435: {'bookingid': 210}
436: {'bookingid': 2427}
437: {'bookingid': 3338}
438: {'bookingid': 2075}
439: {'bookingid': 2735}
440: {'bookingid': 343}
441: {'bookingid': 2472}
442: {'bookingid': 2791}
443: {'bookingid': 537}
444: {'bookingid': 1816}
445: {'bookingid': 1001}
446: {'bookingid': 2203}
447: {'bookingid': 2906}
448: {'bookingid': 1260}
449: {'bookingid': 2641}
450: {'bookingid': 445}
451: {'bookingid': 2869}
452: {'bookingid': 826}
453: {'bookingid': 1025}
454: {'bookingid': 911}
455: {'bookingid': 440}
456: {'bookingid': 2296}
457: {'bookingid': 1022}
458: {'bookingid': 1751}
459: {'bookingid': 1813}
460: {'bookingid': 3117}
461: {'bookingid': 887}
462: {'bookingid': 1803}
463: {'bookingid': 2798}
464: {'bookingid': 1511}
465: {'bookingid': 2731}
466: {'bookingid': 2177}
467: {'bookingid': 612}
468: {'bookingid': 842}
469: {'bookingid': 3097}
470: {'bookingid': 2262}
471: {'bookingid': 2293}
472: {'bookingid': 1790}
473: {'bookingid': 2657}
474: {'bookingid': 139}
475: {'bookingid': 2334}
476: {'bookingid': 2441}
477: {'bookingid': 151}
478: {'bookingid': 495}
479: {'bookingid': 3415}
480: {'bookingid': 1684}
481: {'bookingid': 926}
482: {'bookingid': 103}
483: {'bookingid': 1426}
484: {'bookingid': 1347}
485: {'bookingid': 2069}
486: {'bookingid': 1935}
487: {'bookingid': 978}
488: {'bookingid': 2268}
489: {'bookingid': 1314}
490: {'bookingid': 49}
491: {'bookingid': 2783}
492: {'bookingid': 1220}
493: {'bookingid': 1083}
494: {'bookingid': 2048}
495: {'bookingid': 2205}
496: {'bookingid': 1643}
497: {'bookingid': 752}
498: {'bookingid': 2481}
499: {'bookingid': 2155}
500: {'bookingid': 2013}
501: {'bookingid': 2707}
502: {'bookingid': 707}
503: {'bookingid': 1472}
504: {'bookingid': 2222}
505: {'bookingid': 2812}
506: {'bookingid': 3137}
507: {'bookingid': 2736}
508: {'bookingid': 2726}
509: {'bookingid': 2162}
510: {'bookingid': 651}
511: {'bookingid': 2624}
512: {'bookingid': 2557}
513: {'bookingid': 754}
514: {'bookingid': 233}
515: {'bookingid': 1351}
516: {'bookingid': 1248}
517: {'bookingid': 2766}
518: {'bookingid': 465}
519: {'bookingid': 3445}
520: {'bookingid': 1517}
521: {'bookingid': 3240}
522: {'bookingid': 2725}
523: {'bookingid': 1138}
524: {'bookingid': 1708}
525: {'bookingid': 1554}
526: {'bookingid': 605}
527: {'bookingid': 667}
528: {'bookingid': 779}
529: {'bookingid': 3268}
530: {'bookingid': 3106}
531: {'bookingid': 1179}
532: {'bookingid': 2417}
533: {'bookingid': 2055}
534: {'bookingid': 3244}
535: {'bookingid': 2376}
536: {'bookingid': 2106}
537: {'bookingid': 190}
538: {'bookingid': 1763}
539: {'bookingid': 2628}
540: {'bookingid': 2825}
541: {'bookingid': 829}
542: {'bookingid': 3038}
543: {'bookingid': 2535}
544: {'bookingid': 2229}
545: {'bookingid': 3427}
546: {'bookingid': 1281}
547: {'bookingid': 2008}
548: {'bookingid': 2486}
549: {'bookingid': 2381}
550: {'bookingid': 1160}
551: {'bookingid': 2194}
552: {'bookingid': 544}
553: {'bookingid': 1085}
554: {'bookingid': 2988}
555: {'bookingid': 50}
556: {'bookingid': 2752}
557: {'bookingid': 1717}
558: {'bookingid': 1851}
559: {'bookingid': 1580}
560: {'bookingid': 1310}
561: {'bookingid': 325}
562: {'bookingid': 2346}
563: {'bookingid': 2256}
564: {'bookingid': 717}
565: {'bookingid': 145}
566: {'bookingid': 2907}
567: {'bookingid': 37}
568: {'bookingid': 585}
569: {'bookingid': 1142}
570: {'bookingid': 1848}
571: {'bookingid': 2654}
572: {'bookingid': 635}
573: {'bookingid': 683}
574: {'bookingid': 1958}
575: {'bookingid': 919}
576: {'bookingid': 1188}
577: {'bookingid': 2616}
578: {'bookingid': 1131}
579: {'bookingid': 823}
580: {'bookingid': 2592}
581: {'bookingid': 1192}
582: {'bookingid': 1652}
583: {'bookingid': 3341}
584: {'bookingid': 1408}
585: {'bookingid': 432}
586: {'bookingid': 2088}
587: {'bookingid': 1144}
588: {'bookingid': 36}
589: {'bookingid': 121}
590: {'bookingid': 3238}
591: {'bookingid': 382}
592: {'bookingid': 19}
593: {'bookingid': 384}
594: {'bookingid': 2154}
595: {'bookingid': 1592}
596: {'bookingid': 2283}
597: {'bookingid': 2352}
598: {'bookingid': 2822}
599: {'bookingid': 3071}
600: {'bookingid': 713}
601: {'bookingid': 1538}
602: {'bookingid': 811}
603: {'bookingid': 1414}
604: {'bookingid': 1929}
605: {'bookingid': 2347}
606: {'bookingid': 575}
607: {'bookingid': 2451}
608: {'bookingid': 3249}
609: {'bookingid': 460}
610: {'bookingid': 943}
611: {'bookingid': 2635}
612: {'bookingid': 1817}
613: {'bookingid': 3094}
614: {'bookingid': 2423}
615: {'bookingid': 1390}
616: {'bookingid': 785}
617: {'bookingid': 2406}
618: {'bookingid': 1206}
619: {'bookingid': 454}
620: {'bookingid': 744}
621: {'bookingid': 3373}
622: {'bookingid': 422}
623: {'bookingid': 2876}
624: {'bookingid': 3371}
625: {'bookingid': 1844}
626: {'bookingid': 1782}
627: {'bookingid': 119}
628: {'bookingid': 984}
629: {'bookingid': 798}
630: {'bookingid': 1571}
631: {'bookingid': 1307}
632: {'bookingid': 2341}
633: {'bookingid': 3348}
634: {'bookingid': 1237}
635: {'bookingid': 1597}
636: {'bookingid': 1527}
637: {'bookingid': 555}
638: {'bookingid': 3166}
639: {'bookingid': 2711}
640: {'bookingid': 1800}
641: {'bookingid': 2903}
642: {'bookingid': 1700}
643: {'bookingid': 2263}
644: {'bookingid': 1586}
645: {'bookingid': 2214}
646: {'bookingid': 2950}
647: {'bookingid': 2109}
648: {'bookingid': 2544}
649: {'bookingid': 832}
650: {'bookingid': 1386}
651: {'bookingid': 3003}
652: {'bookingid': 3413}
653: {'bookingid': 2215}
654: {'bookingid': 568}
655: {'bookingid': 1451}
656: {'bookingid': 2977}
657: {'bookingid': 2020}
658: {'bookingid': 1977}
659: {'bookingid': 109}
660: {'bookingid': 2935}
661: {'bookingid': 2850}
662: {'bookingid': 2636}
663: {'bookingid': 2583}
664: {'bookingid': 2689}
665: {'bookingid': 2319}
666: {'bookingid': 409}
667: {'bookingid': 2034}
668: {'bookingid': 2457}
669: {'bookingid': 2556}
670: {'bookingid': 140}
671: {'bookingid': 42}
672: {'bookingid': 2596}
673: {'bookingid': 2307}
674: {'bookingid': 258}
675: {'bookingid': 628}
676: {'bookingid': 474}
677: {'bookingid': 2691}
678: {'bookingid': 871}
679: {'bookingid': 3182}
680: {'bookingid': 3065}
681: {'bookingid': 1066}
682: {'bookingid': 767}
683: {'bookingid': 1901}
684: {'bookingid': 2231}
685: {'bookingid': 1302}
686: {'bookingid': 2093}
687: {'bookingid': 1612}
688: {'bookingid': 2110}
689: {'bookingid': 268}
690: {'bookingid': 413}
691: {'bookingid': 684}
692: {'bookingid': 247}
693: {'bookingid': 3323}
694: {'bookingid': 1440}
695: {'bookingid': 932}
696: {'bookingid': 598}
697: {'bookingid': 2145}
698: {'bookingid': 511}
699: {'bookingid': 1668}
700: {'bookingid': 347}
701: {'bookingid': 480}
702: {'bookingid': 843}
703: {'bookingid': 153}
704: {'bookingid': 1201}
705: {'bookingid': 2708}
706: {'bookingid': 2180}
707: {'bookingid': 2943}
708: {'bookingid': 3326}
709: {'bookingid': 1254}
710: {'bookingid': 221}
711: {'bookingid': 1369}
712: {'bookingid': 759}
713: {'bookingid': 2788}
714: {'bookingid': 905}
715: {'bookingid': 1716}
716: {'bookingid': 917}
717: {'bookingid': 97}
718: {'bookingid': 58}
719: {'bookingid': 147}
720: {'bookingid': 2716}
721: {'bookingid': 3131}
722: {'bookingid': 720}
723: {'bookingid': 287}
724: {'bookingid': 2171}
725: {'bookingid': 2147}
726: {'bookingid': 1949}
727: {'bookingid': 1007}
728: {'bookingid': 2001}
729: {'bookingid': 201}
730: {'bookingid': 1076}
731: {'bookingid': 1030}
732: {'bookingid': 318}
733: {'bookingid': 1174}
734: {'bookingid': 180}
735: {'bookingid': 2065}
736: {'bookingid': 3248}
737: {'bookingid': 3284}
738: {'bookingid': 878}
739: {'bookingid': 1058}
740: {'bookingid': 1884}
741: {'bookingid': 2770}
742: {'bookingid': 2436}
743: {'bookingid': 2035}
744: {'bookingid': 1524}
745: {'bookingid': 836}
746: {'bookingid': 912}
747: {'bookingid': 275}
748: {'bookingid': 1858}
749: {'bookingid': 2040}
750: {'bookingid': 1583}
751: {'bookingid': 71}
752: {'bookingid': 1111}
753: {'bookingid': 691}
754: {'bookingid': 1115}
755: {'bookingid': 953}
756: {'bookingid': 2562}
757: {'bookingid': 1787}
758: {'bookingid': 2402}
759: {'bookingid': 257}
760: {'bookingid': 1397}
761: {'bookingid': 2721}
762: {'bookingid': 1989}
763: {'bookingid': 3063}
764: {'bookingid': 27}
765: {'bookingid': 900}
766: {'bookingid': 2514}
767: {'bookingid': 2286}
768: {'bookingid': 3043}
769: {'bookingid': 2408}
770: {'bookingid': 1454}
771: {'bookingid': 263}
772: {'bookingid': 869}
773: {'bookingid': 1730}
774: {'bookingid': 3347}
775: {'bookingid': 2397}
776: {'bookingid': 2771}
777: {'bookingid': 1394}
778: {'bookingid': 2918}
779: {'bookingid': 3076}
780: {'bookingid': 631}
781: {'bookingid': 1016}
782: {'bookingid': 86}
783: {'bookingid': 1327}
784: {'bookingid': 1092}
785: {'bookingid': 1638}
786: {'bookingid': 169}
787: {'bookingid': 1680}
788: {'bookingid': 1276}
789: {'bookingid': 303}
790: {'bookingid': 1050}
791: {'bookingid': 2039}
792: {'bookingid': 2623}
793: {'bookingid': 1383}
794: {'bookingid': 1632}
795: {'bookingid': 794}
796: {'bookingid': 1481}
797: {'bookingid': 2174}
798: {'bookingid': 2026}
799: {'bookingid': 3083}
800: {'bookingid': 989}
801: {'bookingid': 1219}
802: {'bookingid': 1779}
803: {'bookingid': 112}
804: {'bookingid': 856}
805: {'bookingid': 1978}
806: {'bookingid': 3162}
807: {'bookingid': 2608}
808: {'bookingid': 861}
809: {'bookingid': 2983}
810: {'bookingid': 2796}
811: {'bookingid': 1773}
812: {'bookingid': 851}
813: {'bookingid': 3408}
814: {'bookingid': 3047}
815: {'bookingid': 1707}
816: {'bookingid': 191}
817: {'bookingid': 242}
818: {'bookingid': 3090}
819: {'bookingid': 1674}
820: {'bookingid': 83}
821: {'bookingid': 2665}
822: {'bookingid': 780}
823: {'bookingid': 1982}
824: {'bookingid': 658}
825: {'bookingid': 67}
826: {'bookingid': 421}
827: {'bookingid': 2308}
828: {'bookingid': 962}
829: {'bookingid': 1596}
830: {'bookingid': 2858}
831: {'bookingid': 3442}
832: {'bookingid': 3058}
833: {'bookingid': 1611}
834: {'bookingid': 655}
835: {'bookingid': 2371}
836: {'bookingid': 2186}
837: {'bookingid': 906}
838: {'bookingid': 1760}
839: {'bookingid': 2818}
840: {'bookingid': 227}
841: {'bookingid': 1255}
842: {'bookingid': 2199}
843: {'bookingid': 969}
844: {'bookingid': 1699}
845: {'bookingid': 2553}
846: {'bookingid': 3354}
847: {'bookingid': 320}
848: {'bookingid': 2803}
849: {'bookingid': 3276}
850: {'bookingid': 1968}
851: {'bookingid': 404}
852: {'bookingid': 3307}
853: {'bookingid': 2189}
854: {'bookingid': 1010}
855: {'bookingid': 364}
856: {'bookingid': 820}
857: {'bookingid': 2809}
858: {'bookingid': 2287}
859: {'bookingid': 1342}
860: {'bookingid': 1296}
861: {'bookingid': 204}
862: {'bookingid': 1783}
863: {'bookingid': 281}
864: {'bookingid': 1919}
865: {'bookingid': 670}
866: {'bookingid': 1551}
867: {'bookingid': 3108}
868: {'bookingid': 1377}
869: {'bookingid': 3260}
870: {'bookingid': 3362}
871: {'bookingid': 569}
872: {'bookingid': 2142}
873: {'bookingid': 77}
874: {'bookingid': 2292}
875: {'bookingid': 3332}
876: {'bookingid': 2590}
877: {'bookingid': 2952}
878: {'bookingid': 1923}
879: {'bookingid': 505}
880: {'bookingid': 2363}
881: {'bookingid': 1555}
882: {'bookingid': 522}
883: {'bookingid': 2031}
884: {'bookingid': 1119}
885: {'bookingid': 1925}
886: {'bookingid': 2547}
887: {'bookingid': 661}
888: {'bookingid': 893}
889: {'bookingid': 1689}
890: {'bookingid': 1215}
891: {'bookingid': 610}
892: {'bookingid': 2698}
893: {'bookingid': 22}
894: {'bookingid': 1725}
895: {'bookingid': 2082}
896: {'bookingid': 722}
897: {'bookingid': 276}
898: {'bookingid': 373}
899: {'bookingid': 1226}
900: {'bookingid': 2226}
901: {'bookingid': 2956}
902: {'bookingid': 1282}
903: {'bookingid': 1127}
904: {'bookingid': 645}
905: {'bookingid': 1809}
906: {'bookingid': 484}
907: {'bookingid': 2614}
908: {'bookingid': 1857}
909: {'bookingid': 184}
910: {'bookingid': 1608}
911: {'bookingid': 2565}
912: {'bookingid': 1529}
913: {'bookingid': 3010}
914: {'bookingid': 2525}
915: {'bookingid': 2271}
916: {'bookingid': 486}
917: {'bookingid': 135}
918: {'bookingid': 2881}
919: {'bookingid': 520}
920: {'bookingid': 1896}
921: {'bookingid': 3032}
922: {'bookingid': 2522}
923: {'bookingid': 3219}
924: {'bookingid': 165}
925: {'bookingid': 3183}
926: {'bookingid': 2972}
927: {'bookingid': 922}
928: {'bookingid': 1287}
929: {'bookingid': 1863}
930: {'bookingid': 3353}
931: {'bookingid': 1956}
932: {'bookingid': 1039}
933: {'bookingid': 2002}
934: {'bookingid': 1506}
935: {'bookingid': 403}
936: {'bookingid': 2355}
937: {'bookingid': 2252}
938: {'bookingid': 3145}
939: {'bookingid': 3399}
940: {'bookingid': 2699}
941: {'bookingid': 1401}
942: {'bookingid': 731}
943: {'bookingid': 2998}
944: {'bookingid': 2980}
945: {'bookingid': 1093}
946: {'bookingid': 89}
947: {'bookingid': 1713}
948: {'bookingid': 313}
949: {'bookingid': 1367}
950: {'bookingid': 1261}
951: {'bookingid': 3037}
952: {'bookingid': 2064}
953: {'bookingid': 2052}
954: {'bookingid': 702}
955: {'bookingid': 3430}
956: {'bookingid': 3424}
957: {'bookingid': 1495}
958: {'bookingid': 1419}
959: {'bookingid': 2115}
960: {'bookingid': 2776}
961: {'bookingid': 2971}
962: {'bookingid': 2327}
963: {'bookingid': 1959}
964: {'bookingid': 376}
965: {'bookingid': 1535}
966: {'bookingid': 2964}
967: {'bookingid': 3317}
968: {'bookingid': 352}
969: {'bookingid': 2317}
970: {'bookingid': 2272}
971: {'bookingid': 48}
972: {'bookingid': 1900}
973: {'bookingid': 346}
974: {'bookingid': 1012}
975: {'bookingid': 1947}
976: {'bookingid': 337}
977: {'bookingid': 1275}
978: {'bookingid': 3077}
979: {'bookingid': 1542}
980: {'bookingid': 2672}
981: {'bookingid': 238}
982: {'bookingid': 990}
983: {'bookingid': 1577}
984: {'bookingid': 838}
985: {'bookingid': 2235}
986: {'bookingid': 449}
987: {'bookingid': 1170}
988: {'bookingid': 2683}
989: {'bookingid': 2484}
990: {'bookingid': 2202}
991: {'bookingid': 3199}
992: {'bookingid': 365}
993: {'bookingid': 2792}
994: {'bookingid': 2743}
995: {'bookingid': 3046}
996: {'bookingid': 595}
997: {'bookingid': 1722}
998: {'bookingid': 1767}
999: {'bookingid': 2538}
1000: {'bookingid': 2429}
1001: {'bookingid': 795}
1002: {'bookingid': 3150}
1003: {'bookingid': 1641}
1004: {'bookingid': 743}
1005: {'bookingid': 2102}
1006: {'bookingid': 3380}
1007: {'bookingid': 14}
1008: {'bookingid': 381}
1009: {'bookingid': 2014}
1010: {'bookingid': 1134}
1011: {'bookingid': 360}
1012: {'bookingid': 1358}
1013: {'bookingid': 499}
1014: {'bookingid': 333}
1015: {'bookingid': 882}
1016: {'bookingid': 3085}
1017: {'bookingid': 2361}
1018: {'bookingid': 3368}
1019: {'bookingid': 2945}
1020: {'bookingid': 2566}
1021: {'bookingid': 514}
1022: {'bookingid': 2439}
1023: {'bookingid': 1965}
1024: {'bookingid': 2813}
1025: {'bookingid': 1941}
1026: {'bookingid': 1482}
1027: {'bookingid': 427}
1028: {'bookingid': 764}
1029: {'bookingid': 3363}
1030: {'bookingid': 1125}
1031: {'bookingid': 1434}
1032: {'bookingid': 3053}
1033: {'bookingid': 791}
1034: {'bookingid': 2760}
1035: {'bookingid': 2539}
1036: {'bookingid': 3275}
1037: {'bookingid': 583}
1038: {'bookingid': 3178}
1039: {'bookingid': 2496}
1040: {'bookingid': 2913}
1041: {'bookingid': 56}
1042: {'bookingid': 129}
1043: {'bookingid': 1242}
1044: {'bookingid': 284}</msg>
<arg>${response.json()}</arg>
<doc>Logs the length and contents of the ``list`` using given ``level``.</doc>
<status status="PASS" start="2025-12-09T22:57:57.875709" elapsed="0.001849"/>
</kw>
<status status="PASS" start="2025-12-09T22:57:57.226236" elapsed="0.651771"/>
</test>
<test id="s1-s1-s1-s1-t2" name="Create a Booking at Restful Booker" line="18">
<kw name="Create Session" owner="RequestsLibrary">
<msg time="2025-12-09T22:57:57.899251" level="INFO">Creating Session using : alias=restful, url=https://restful-booker.herokuapp.com, headers={},                     cookies={}, auth=None, timeout=None, proxies=None, verify=False,                     debug=0 </msg>
<arg>restful</arg>
<arg>${BASE_URL}</arg>
<doc>Create Session: create a HTTP session to a server</doc>
<status status="PASS" start="2025-12-09T22:57:57.898953" elapsed="0.000623"/>
</kw>
<kw name="Create Dictionary" owner="BuiltIn">
<msg time="2025-12-09T22:57:57.900215" level="INFO">${booking_dates} = {'checkin': '2022-12-31', 'checkout': '2023-01-01'}</msg>
<var>${booking_dates}</var>
<arg>checkin=2022-12-31</arg>
<arg>checkout=2023-01-01</arg>
<doc>Creates and returns a dictionary based on the given ``items``.</doc>
<status status="PASS" start="2025-12-09T22:57:57.899883" elapsed="0.000504"/>
</kw>
<kw name="Create Dictionary" owner="BuiltIn">
<msg time="2025-12-09T22:57:57.901017" level="INFO">${body} = {'firstname': 'Hans', 'lastname': 'Gruber', 'totalprice': '200', 'depositpaid': 'false', 'bookingdates': {'checkin': '2022-12-31', 'checkout': '2023-01-01'}}</msg>
<var>${body}</var>
<arg>firstname=Hans</arg>
<arg>lastname=Gruber</arg>
<arg>totalprice=200</arg>
<arg>depositpaid=false</arg>
<arg>bookingdates=${booking_dates}</arg>
<doc>Creates and returns a dictionary based on the given ``items``.</doc>
<status status="PASS" start="2025-12-09T22:57:57.900636" elapsed="0.000523"/>
</kw>
<kw name="POST On Session" owner="RequestsLibrary">
<msg time="2025-12-09T22:57:58.538368" level="INFO">POST Request : url=https://restful-booker.herokuapp.com/booking 
 path_url=/booking 
 headers={'User-Agent': 'python-requests/2.32.5', 'Accept-Encoding': 'gzip, deflate, zstd', 'Accept': '*/*', 'Connection': 'keep-alive', 'Content-Length': '157', 'Content-Type': 'application/json'} 
 body=b'{"firstname": "Hans", "lastname": "Gruber", "totalprice": "200", "depositpaid": "false", "bookingdates": {"checkin": "2022-12-31", "checkout": "2023-01-01"}}' 
 </msg>
<msg time="2025-12-09T22:57:58.538621" level="INFO">POST Response : url=https://restful-booker.herokuapp.com/booking 
 status=200, reason=OK 
 headers={'Content-Length': '169', 'Content-Type': 'application/json; charset=utf-8', 'Date': 'Wed, 10 Dec 2025 01:57:22 GMT', 'Etag': 'W/"a9-gluyrBwV9Rp1Vb1WrRznYic2Jpg"', 'Nel': '{"report_to":"heroku-nel","response_headers":["Via"],"max_age":3600,"success_fraction":0.01,"failure_fraction":0.1}', 'Report-To': '{"group":"heroku-nel","endpoints":[{"url":"https://nel.heroku.com/reports?s=fphBaf%2BtpCF%2Fanth8VzZiv5pbjKmEqQ%2FbhPQkQm7fxc%3D\\u0026sid=c46efe9b-d3d2-4a0c-8c76-bfafa16c5add\\u0026ts=1765331842"}],"max_age":3600}', 'Reporting-Endpoints': 'heroku-nel="https://nel.heroku.com/reports?s=fphBaf%2BtpCF%2Fanth8VzZiv5pbjKmEqQ%2FbhPQkQm7fxc%3D&amp;sid=c46efe9b-d3d2-4a0c-8c76-bfafa16c5add&amp;ts=1765331842"', 'Server': 'Heroku', 'Via': '1.1 heroku-router', 'X-Powered-By': 'Express'} 
 body={"bookingid":3449,"booking":{"firstname":"Hans","lastname":"Gruber","totalprice":200,"depositpaid":true,"bookingdates":{"checkin":"2022-12-31","checkout":"2023-01-01"}}} 
 </msg>
<msg time="2025-12-09T22:57:58.538879" level="INFO">C:\Users\migue\AppData\Roaming\Python\Python314\site-packages\urllib3\connectionpool.py:1097: InsecureRequestWarning: Unverified HTTPS request is being made to host 'restful-booker.herokuapp.com'. Adding certificate verification is strongly advised. See: https://urllib3.readthedocs.io/en/latest/advanced-usage.html#tls-warnings
  warnings.warn(</msg>
<msg time="2025-12-09T22:57:58.539297" level="INFO">${response} = &lt;Response [200]&gt;</msg>
<var>${response}</var>
<arg>restful</arg>
<arg>/booking</arg>
<arg>json=${body}</arg>
<doc>Sends a POST request on a previously created HTTP Session.</doc>
<status status="PASS" start="2025-12-09T22:57:57.901423" elapsed="0.638060"/>
</kw>
<kw name="Status Should Be" owner="RequestsLibrary">
<arg>200</arg>
<arg>${response}</arg>
<doc>Fails if response status code is different than the expected.</doc>
<status status="PASS" start="2025-12-09T22:57:58.539779" elapsed="0.000366"/>
</kw>
<kw name="Set Variable" owner="BuiltIn">
<msg time="2025-12-09T22:57:58.540910" level="INFO">${id} = 3449</msg>
<var>${id}</var>
<arg>${response.json()}[bookingid]</arg>
<doc>Returns the given values which can then be assigned to a variables.</doc>
<status status="PASS" start="2025-12-09T22:57:58.540375" elapsed="0.000635"/>
</kw>
<kw name="Set Suite Variable" owner="BuiltIn">
<msg time="2025-12-09T22:57:58.541517" level="INFO">${id} = 3449</msg>
<arg>${id}</arg>
<doc>Makes a variable available everywhere within the scope of the current suite.</doc>
<status status="PASS" start="2025-12-09T22:57:58.541238" elapsed="0.000375"/>
</kw>
<kw name="GET On Session" owner="RequestsLibrary">
<msg time="2025-12-09T22:57:58.704720" level="INFO">GET Request : url=https://restful-booker.herokuapp.com/booking/3449 
 path_url=/booking/3449 
 headers={'User-Agent': 'python-requests/2.32.5', 'Accept-Encoding': 'gzip, deflate, zstd', 'Accept': '*/*', 'Connection': 'keep-alive'} 
 body=None 
 </msg>
<msg time="2025-12-09T22:57:58.704952" level="INFO">GET Response : url=https://restful-booker.herokuapp.com/booking/3449 
 status=200, reason=OK 
 headers={'Content-Length': '140', 'Content-Type': 'application/json; charset=utf-8', 'Date': 'Wed, 10 Dec 2025 01:57:22 GMT', 'Etag': 'W/"8c-ZyMX7q5MPk1IIZgzio6YfZY3B+o"', 'Nel': '{"report_to":"heroku-nel","response_headers":["Via"],"max_age":3600,"success_fraction":0.01,"failure_fraction":0.1}', 'Report-To': '{"group":"heroku-nel","endpoints":[{"url":"https://nel.heroku.com/reports?s=fphBaf%2BtpCF%2Fanth8VzZiv5pbjKmEqQ%2FbhPQkQm7fxc%3D\\u0026sid=c46efe9b-d3d2-4a0c-8c76-bfafa16c5add\\u0026ts=1765331842"}],"max_age":3600}', 'Reporting-Endpoints': 'heroku-nel="https://nel.heroku.com/reports?s=fphBaf%2BtpCF%2Fanth8VzZiv5pbjKmEqQ%2FbhPQkQm7fxc%3D&amp;sid=c46efe9b-d3d2-4a0c-8c76-bfafa16c5add&amp;ts=1765331842"', 'Server': 'Heroku', 'Via': '1.1 heroku-router', 'X-Powered-By': 'Express'} 
 body={"firstname":"Hans","lastname":"Gruber","totalprice":200,"depositpaid":true,"bookingdates":{"checkin":"2022-12-31","checkout":"2023-01-01"}} 
 </msg>
<msg time="2025-12-09T22:57:58.705214" level="INFO">C:\Users\migue\AppData\Roaming\Python\Python314\site-packages\urllib3\connectionpool.py:1097: InsecureRequestWarning: Unverified HTTPS request is being made to host 'restful-booker.herokuapp.com'. Adding certificate verification is strongly advised. See: https://urllib3.readthedocs.io/en/latest/advanced-usage.html#tls-warnings
  warnings.warn(</msg>
<msg time="2025-12-09T22:57:58.705630" level="INFO">${response} = &lt;Response [200]&gt;</msg>
<var>${response}</var>
<arg>restful</arg>
<arg>/booking/${id}</arg>
<doc>Sends a GET request on a previously created HTTP Session.</doc>
<status status="PASS" start="2025-12-09T22:57:58.541812" elapsed="0.163948"/>
</kw>
<kw name="Log" owner="BuiltIn">
<msg time="2025-12-09T22:57:58.706619" level="INFO">{'firstname': 'Hans', 'lastname': 'Gruber', 'totalprice': 200, 'depositpaid': True, 'bookingdates': {'checkin': '2022-12-31', 'checkout': '2023-01-01'}}</msg>
<arg>${response.json()}</arg>
<doc>Logs the given message with the given level.</doc>
<status status="PASS" start="2025-12-09T22:57:58.706052" elapsed="0.000692"/>
</kw>
<kw name="Should Be Equal" owner="BuiltIn">
<arg>${response.json()}[lastname]</arg>
<arg>Gruber</arg>
<doc>Fails if the given objects are unequal.</doc>
<status status="PASS" start="2025-12-09T22:57:58.707070" elapsed="0.000535"/>
</kw>
<kw name="Should Be Equal" owner="BuiltIn">
<arg>${response.json()}[firstname]</arg>
<arg>Hans</arg>
<doc>Fails if the given objects are unequal.</doc>
<status status="PASS" start="2025-12-09T22:57:58.707806" elapsed="0.000474"/>
</kw>
<kw name="Should Be Equal As Numbers" owner="BuiltIn">
<msg time="2025-12-09T22:57:58.708912" level="INFO">Argument types are:
&lt;class 'int'&gt;
&lt;class 'str'&gt;</msg>
<arg>${response.json()}[totalprice]</arg>
<arg>200</arg>
<doc>Fails if objects are unequal after converting them to real numbers.</doc>
<status status="PASS" start="2025-12-09T22:57:58.708474" elapsed="0.000615"/>
</kw>
<status status="PASS" start="2025-12-09T22:57:57.888964" elapsed="0.820365"/>
</test>
<test id="s1-s1-s1-s1-t3" name="Delete Booking" line="33">
<kw name="Create Session" owner="RequestsLibrary">
<msg time="2025-12-09T22:57:58.722819" level="INFO">Creating Session using : alias=restful, url=https://restful-booker.herokuapp.com, headers={},                     cookies={}, auth=None, timeout=None, proxies=None, verify=False,                     debug=0 </msg>
<arg>restful</arg>
<arg>${BASE_URL}</arg>
<doc>Create Session: create a HTTP session to a server</doc>
<status status="PASS" start="2025-12-09T22:57:58.722324" elapsed="0.000812"/>
</kw>
<kw name="Create Dictionary" owner="BuiltIn">
<msg time="2025-12-09T22:57:58.723996" level="INFO">${header} = {'Cookie': 'token=d83f4f4bff78ada'}</msg>
<var>${header}</var>
<arg>Cookie=token=${token}</arg>
<doc>Creates and returns a dictionary based on the given ``items``.</doc>
<status status="PASS" start="2025-12-09T22:57:58.723532" elapsed="0.000617"/>
</kw>
<kw name="DELETE On Session" owner="RequestsLibrary">
<msg time="2025-12-09T22:57:59.385140" level="INFO">DELETE Request : url=https://restful-booker.herokuapp.com/booking/3449 
 path_url=/booking/3449 
 headers={'User-Agent': 'python-requests/2.32.5', 'Accept-Encoding': 'gzip, deflate, zstd', 'Accept': '*/*', 'Connection': 'keep-alive', 'Cookie': 'token=d83f4f4bff78ada', 'Content-Length': '0'} 
 body=None 
 </msg>
<msg time="2025-12-09T22:57:59.385365" level="INFO">DELETE Response : url=https://restful-booker.herokuapp.com/booking/3449 
 status=201, reason=Created 
 headers={'Content-Length': '7', 'Content-Type': 'text/plain; charset=utf-8', 'Date': 'Wed, 10 Dec 2025 01:57:22 GMT', 'Etag': 'W/"7-rM9AyJuqT6iOan/xHh+AW+7K/T8"', 'Nel': '{"report_to":"heroku-nel","response_headers":["Via"],"max_age":3600,"success_fraction":0.01,"failure_fraction":0.1}', 'Report-To': '{"group":"heroku-nel","endpoints":[{"url":"https://nel.heroku.com/reports?s=fphBaf%2BtpCF%2Fanth8VzZiv5pbjKmEqQ%2FbhPQkQm7fxc%3D\\u0026sid=c46efe9b-d3d2-4a0c-8c76-bfafa16c5add\\u0026ts=1765331842"}],"max_age":3600}', 'Reporting-Endpoints': 'heroku-nel="https://nel.heroku.com/reports?s=fphBaf%2BtpCF%2Fanth8VzZiv5pbjKmEqQ%2FbhPQkQm7fxc%3D&amp;sid=c46efe9b-d3d2-4a0c-8c76-bfafa16c5add&amp;ts=1765331842"', 'Server': 'Heroku', 'Via': '1.1 heroku-router', 'X-Powered-By': 'Express'} 
 body=Created 
 </msg>
<msg time="2025-12-09T22:57:59.385650" level="INFO">C:\Users\migue\AppData\Roaming\Python\Python314\site-packages\urllib3\connectionpool.py:1097: InsecureRequestWarning: Unverified HTTPS request is being made to host 'restful-booker.herokuapp.com'. Adding certificate verification is strongly advised. See: https://urllib3.readthedocs.io/en/latest/advanced-usage.html#tls-warnings
  warnings.warn(</msg>
<msg time="2025-12-09T22:57:59.386060" level="INFO">${response} = &lt;Response [201]&gt;</msg>
<var>${response}</var>
<arg>restful</arg>
<arg>/booking/${id}</arg>
<arg>headers=${header}</arg>
<doc>Sends a DELETE request on a previously created HTTP Session.</doc>
<status status="PASS" start="2025-12-09T22:57:58.724428" elapsed="0.661726"/>
</kw>
<kw name="Status Should Be" owner="RequestsLibrary">
<arg>201</arg>
<arg>${response}</arg>
<doc>Fails if response status code is different than the expected.</doc>
<status status="PASS" start="2025-12-09T22:57:59.386516" elapsed="0.000480"/>
</kw>
<status status="PASS" start="2025-12-09T22:57:58.713384" elapsed="0.673849"/>
</test>
<status status="PASS" start="2025-12-09T22:57:56.438667" elapsed="2.953125"/>
</suite>
<status status="PASS" start="2025-12-09T22:57:56.431689" elapsed="2.962733"/>
</suite>
<status status="PASS" start="2025-12-09T22:57:56.426501" elapsed="2.975250"/>
</suite>
<status status="PASS" start="2025-12-09T22:57:56.391379" elapsed="3.013954"/>
</suite>
<statistics>
<total>
<stat pass="3" fail="0" skip="0">All Tests</stat>
</total>
<tag>
</tag>
<suite>
<stat name="Projeto-Robot-Framework-Api" id="s1" pass="3" fail="0" skip="0">Projeto-Robot-Framework-Api</stat>
<stat name="Tests" id="s1-s1" pass="3" fail="0" skip="0">Projeto-Robot-Framework-Api.Tests</stat>
<stat name="Api" id="s1-s1-s1" pass="3" fail="0" skip="0">Projeto-Robot-Framework-Api.Tests.Api</stat>
<stat name="Restful-Booker" id="s1-s1-s1-s1" pass="3" fail="0" skip="0">Projeto-Robot-Framework-Api.Tests.Api.Restful-Booker</stat>
</suite>
</statistics>
<errors>
</errors>
</robot>
